{"C:\\Users\\hp\\.gemini\\antigravity\\scratch\\ecommerce-final-project\\backend\\src\\app.js": {"path":"C:\\Users\\hp\\.gemini\\antigravity\\scratch\\ecommerce-final-project\\backend\\src\\app.js","statementMap":{"0":{"start":{"line":1,"column":16},"end":{"line":1,"column":34}},"1":{"start":{"line":2,"column":13},"end":{"line":2,"column":28}},"2":{"start":{"line":3,"column":13},"end":{"line":3,"column":28}},"3":{"start":{"line":4,"column":25},"end":{"line":4,"column":44}},"4":{"start":{"line":7,"column":23},"end":{"line":7,"column":62}},"5":{"start":{"line":8,"column":26},"end":{"line":8,"column":68}},"6":{"start":{"line":9,"column":24},"end":{"line":9,"column":64}},"7":{"start":{"line":10,"column":23},"end":{"line":10,"column":62}},"8":{"start":{"line":11,"column":21},"end":{"line":11,"column":58}},"9":{"start":{"line":14,"column":26},"end":{"line":14,"column":64}},"10":{"start":{"line":15,"column":18},"end":{"line":15,"column":56}},"11":{"start":{"line":18,"column":23},"end":{"line":18,"column":58}},"12":{"start":{"line":20,"column":12},"end":{"line":20,"column":21}},"13":{"start":{"line":21,"column":15},"end":{"line":21,"column":37}},"14":{"start":{"line":24,"column":0},"end":{"line":24,"column":16}},"15":{"start":{"line":25,"column":0},"end":{"line":25,"column":24}},"16":{"start":{"line":28,"column":0},"end":{"line":28,"column":23}},"17":{"start":{"line":33,"column":0},"end":{"line":35,"column":3}},"18":{"start":{"line":34,"column":2},"end":{"line":34,"column":93}},"19":{"start":{"line":38,"column":0},"end":{"line":38,"column":80}},"20":{"start":{"line":38,"column":45},"end":{"line":38,"column":78}},"21":{"start":{"line":39,"column":0},"end":{"line":39,"column":74}},"22":{"start":{"line":39,"column":42},"end":{"line":39,"column":72}},"23":{"start":{"line":40,"column":0},"end":{"line":40,"column":98}},"24":{"start":{"line":40,"column":57},"end":{"line":40,"column":96}},"25":{"start":{"line":43,"column":0},"end":{"line":43,"column":83}},"26":{"start":{"line":43,"column":39},"end":{"line":43,"column":81}},"27":{"start":{"line":44,"column":0},"end":{"line":44,"column":87}},"28":{"start":{"line":44,"column":43},"end":{"line":44,"column":85}},"29":{"start":{"line":47,"column":0},"end":{"line":49,"column":2}},"30":{"start":{"line":48,"column":2},"end":{"line":48,"column":43}},"31":{"start":{"line":50,"column":0},"end":{"line":52,"column":2}},"32":{"start":{"line":51,"column":2},"end":{"line":51,"column":43}},"33":{"start":{"line":53,"column":0},"end":{"line":55,"column":2}},"34":{"start":{"line":54,"column":2},"end":{"line":54,"column":43}},"35":{"start":{"line":58,"column":0},"end":{"line":58,"column":96}},"36":{"start":{"line":58,"column":57},"end":{"line":58,"column":94}},"37":{"start":{"line":59,"column":0},"end":{"line":61,"column":2}},"38":{"start":{"line":60,"column":2},"end":{"line":60,"column":41}},"39":{"start":{"line":64,"column":0},"end":{"line":66,"column":2}},"40":{"start":{"line":65,"column":2},"end":{"line":65,"column":40}},"41":{"start":{"line":67,"column":0},"end":{"line":69,"column":2}},"42":{"start":{"line":68,"column":2},"end":{"line":68,"column":45}},"43":{"start":{"line":72,"column":0},"end":{"line":72,"column":73}},"44":{"start":{"line":72,"column":35},"end":{"line":72,"column":71}},"45":{"start":{"line":73,"column":0},"end":{"line":73,"column":74}},"46":{"start":{"line":73,"column":36},"end":{"line":73,"column":72}},"47":{"start":{"line":76,"column":0},"end":{"line":76,"column":77}},"48":{"start":{"line":76,"column":39},"end":{"line":76,"column":75}},"49":{"start":{"line":77,"column":0},"end":{"line":77,"column":82}},"50":{"start":{"line":77,"column":42},"end":{"line":77,"column":80}},"51":{"start":{"line":78,"column":0},"end":{"line":78,"column":86}},"52":{"start":{"line":78,"column":45},"end":{"line":78,"column":84}},"53":{"start":{"line":79,"column":0},"end":{"line":79,"column":80}},"54":{"start":{"line":79,"column":41},"end":{"line":79,"column":78}},"55":{"start":{"line":81,"column":13},"end":{"line":81,"column":37}},"56":{"start":{"line":84,"column":0},"end":{"line":93,"column":1}},"57":{"start":{"line":85,"column":2},"end":{"line":92,"column":5}},"58":{"start":{"line":86,"column":4},"end":{"line":91,"column":7}},"59":{"start":{"line":87,"column":6},"end":{"line":87,"column":71}},"60":{"start":{"line":88,"column":6},"end":{"line":88,"column":75}},"61":{"start":{"line":89,"column":6},"end":{"line":89,"column":69}},"62":{"start":{"line":90,"column":6},"end":{"line":90,"column":71}},"63":{"start":{"line":95,"column":0},"end":{"line":95,"column":21}}},"fnMap":{"0":{"name":"(anonymous_0)","decl":{"start":{"line":33,"column":23},"end":{"line":33,"column":24}},"loc":{"start":{"line":33,"column":37},"end":{"line":35,"column":1}},"line":33},"1":{"name":"(anonymous_1)","decl":{"start":{"line":38,"column":31},"end":{"line":38,"column":32}},"loc":{"start":{"line":38,"column":45},"end":{"line":38,"column":78}},"line":38},"2":{"name":"(anonymous_2)","decl":{"start":{"line":39,"column":28},"end":{"line":39,"column":29}},"loc":{"start":{"line":39,"column":42},"end":{"line":39,"column":72}},"line":39},"3":{"name":"(anonymous_3)","decl":{"start":{"line":40,"column":43},"end":{"line":40,"column":44}},"loc":{"start":{"line":40,"column":57},"end":{"line":40,"column":96}},"line":40},"4":{"name":"(anonymous_4)","decl":{"start":{"line":43,"column":25},"end":{"line":43,"column":26}},"loc":{"start":{"line":43,"column":39},"end":{"line":43,"column":81}},"line":43},"5":{"name":"(anonymous_5)","decl":{"start":{"line":44,"column":29},"end":{"line":44,"column":30}},"loc":{"start":{"line":44,"column":43},"end":{"line":44,"column":85}},"line":44},"6":{"name":"(anonymous_6)","decl":{"start":{"line":47,"column":67},"end":{"line":47,"column":68}},"loc":{"start":{"line":48,"column":2},"end":{"line":48,"column":43}},"line":48},"7":{"name":"(anonymous_7)","decl":{"start":{"line":50,"column":70},"end":{"line":50,"column":71}},"loc":{"start":{"line":51,"column":2},"end":{"line":51,"column":43}},"line":51},"8":{"name":"(anonymous_8)","decl":{"start":{"line":53,"column":73},"end":{"line":53,"column":74}},"loc":{"start":{"line":54,"column":2},"end":{"line":54,"column":43}},"line":54},"9":{"name":"(anonymous_9)","decl":{"start":{"line":58,"column":43},"end":{"line":58,"column":44}},"loc":{"start":{"line":58,"column":57},"end":{"line":58,"column":94}},"line":58},"10":{"name":"(anonymous_10)","decl":{"start":{"line":59,"column":52},"end":{"line":59,"column":53}},"loc":{"start":{"line":60,"column":2},"end":{"line":60,"column":41}},"line":60},"11":{"name":"(anonymous_11)","decl":{"start":{"line":64,"column":64},"end":{"line":64,"column":65}},"loc":{"start":{"line":65,"column":2},"end":{"line":65,"column":40}},"line":65},"12":{"name":"(anonymous_12)","decl":{"start":{"line":67,"column":77},"end":{"line":67,"column":78}},"loc":{"start":{"line":68,"column":2},"end":{"line":68,"column":45}},"line":68},"13":{"name":"(anonymous_13)","decl":{"start":{"line":72,"column":21},"end":{"line":72,"column":22}},"loc":{"start":{"line":72,"column":35},"end":{"line":72,"column":71}},"line":72},"14":{"name":"(anonymous_14)","decl":{"start":{"line":73,"column":22},"end":{"line":73,"column":23}},"loc":{"start":{"line":73,"column":36},"end":{"line":73,"column":72}},"line":73},"15":{"name":"(anonymous_15)","decl":{"start":{"line":76,"column":25},"end":{"line":76,"column":26}},"loc":{"start":{"line":76,"column":39},"end":{"line":76,"column":75}},"line":76},"16":{"name":"(anonymous_16)","decl":{"start":{"line":77,"column":28},"end":{"line":77,"column":29}},"loc":{"start":{"line":77,"column":42},"end":{"line":77,"column":80}},"line":77},"17":{"name":"(anonymous_17)","decl":{"start":{"line":78,"column":31},"end":{"line":78,"column":32}},"loc":{"start":{"line":78,"column":45},"end":{"line":78,"column":84}},"line":78},"18":{"name":"(anonymous_18)","decl":{"start":{"line":79,"column":27},"end":{"line":79,"column":28}},"loc":{"start":{"line":79,"column":41},"end":{"line":79,"column":78}},"line":79},"19":{"name":"(anonymous_19)","decl":{"start":{"line":85,"column":22},"end":{"line":85,"column":23}},"loc":{"start":{"line":85,"column":28},"end":{"line":92,"column":3}},"line":85},"20":{"name":"(anonymous_20)","decl":{"start":{"line":86,"column":24},"end":{"line":86,"column":25}},"loc":{"start":{"line":86,"column":30},"end":{"line":91,"column":5}},"line":86}},"branchMap":{"0":{"loc":{"start":{"line":81,"column":13},"end":{"line":81,"column":37}},"type":"binary-expr","locations":[{"start":{"line":81,"column":13},"end":{"line":81,"column":29}},{"start":{"line":81,"column":33},"end":{"line":81,"column":37}}],"line":81},"1":{"loc":{"start":{"line":84,"column":0},"end":{"line":93,"column":1}},"type":"if","locations":[{"start":{"line":84,"column":0},"end":{"line":93,"column":1}},{"start":{},"end":{}}],"line":84}},"s":{"0":2,"1":2,"2":2,"3":2,"4":2,"5":2,"6":2,"7":2,"8":2,"9":2,"10":2,"11":2,"12":2,"13":2,"14":2,"15":2,"16":2,"17":2,"18":0,"19":2,"20":1,"21":2,"22":1,"23":2,"24":0,"25":2,"26":1,"27":2,"28":0,"29":2,"30":0,"31":2,"32":0,"33":2,"34":0,"35":2,"36":0,"37":2,"38":0,"39":2,"40":0,"41":2,"42":0,"43":2,"44":0,"45":2,"46":0,"47":2,"48":0,"49":2,"50":0,"51":2,"52":0,"53":2,"54":0,"55":2,"56":2,"57":0,"58":0,"59":0,"60":0,"61":0,"62":0,"63":2},"f":{"0":0,"1":1,"2":1,"3":0,"4":1,"5":0,"6":0,"7":0,"8":0,"9":0,"10":0,"11":0,"12":0,"13":0,"14":0,"15":0,"16":0,"17":0,"18":0,"19":0,"20":0},"b":{"0":[2,2],"1":[0,2]},"_coverageSchema":"1a1c01bbd47fc00a2c39e90264f33305004495a9","hash":"955c1e872f5101fe4dedefd1a5b71e7a5cbfd682"}
,"C:\\Users\\hp\\.gemini\\antigravity\\scratch\\ecommerce-final-project\\backend\\src\\config\\database.js": {"path":"C:\\Users\\hp\\.gemini\\antigravity\\scratch\\ecommerce-final-project\\backend\\src\\config\\database.js","statementMap":{"0":{"start":{"line":1,"column":22},"end":{"line":1,"column":42}},"1":{"start":{"line":4,"column":15},"end":{"line":4,"column":52}},"2":{"start":{"line":5,"column":15},"end":{"line":5,"column":48}},"3":{"start":{"line":6,"column":15},"end":{"line":6,"column":44}},"4":{"start":{"line":7,"column":15},"end":{"line":7,"column":49}},"5":{"start":{"line":8,"column":15},"end":{"line":8,"column":42}},"6":{"start":{"line":12,"column":0},"end":{"line":32,"column":1}},"7":{"start":{"line":13,"column":2},"end":{"line":24,"column":5}},"8":{"start":{"line":26,"column":2},"end":{"line":26,"column":86}},"9":{"start":{"line":27,"column":2},"end":{"line":31,"column":5}},"10":{"start":{"line":34,"column":0},"end":{"line":34,"column":27}}},"fnMap":{},"branchMap":{"0":{"loc":{"start":{"line":4,"column":15},"end":{"line":4,"column":52}},"type":"binary-expr","locations":[{"start":{"line":4,"column":15},"end":{"line":4,"column":34}},{"start":{"line":4,"column":38},"end":{"line":4,"column":52}}],"line":4},"1":{"loc":{"start":{"line":5,"column":15},"end":{"line":5,"column":48}},"type":"binary-expr","locations":[{"start":{"line":5,"column":15},"end":{"line":5,"column":34}},{"start":{"line":5,"column":38},"end":{"line":5,"column":48}}],"line":5},"2":{"loc":{"start":{"line":6,"column":15},"end":{"line":6,"column":44}},"type":"binary-expr","locations":[{"start":{"line":6,"column":15},"end":{"line":6,"column":34}},{"start":{"line":6,"column":38},"end":{"line":6,"column":44}}],"line":6},"3":{"loc":{"start":{"line":7,"column":15},"end":{"line":7,"column":49}},"type":"binary-expr","locations":[{"start":{"line":7,"column":15},"end":{"line":7,"column":34}},{"start":{"line":7,"column":38},"end":{"line":7,"column":49}}],"line":7},"4":{"loc":{"start":{"line":8,"column":15},"end":{"line":8,"column":42}},"type":"binary-expr","locations":[{"start":{"line":8,"column":15},"end":{"line":8,"column":34}},{"start":{"line":8,"column":38},"end":{"line":8,"column":42}}],"line":8}},"s":{"0":2,"1":2,"2":2,"3":2,"4":2,"5":2,"6":2,"7":2,"8":0,"9":0,"10":2},"f":{},"b":{"0":[2,2],"1":[2,2],"2":[2,2],"3":[2,2],"4":[2,2]},"_coverageSchema":"1a1c01bbd47fc00a2c39e90264f33305004495a9","hash":"62e59c4bd306837f5e8098a70cc6fe2b82a9eae4"}
,"C:\\Users\\hp\\.gemini\\antigravity\\scratch\\ecommerce-final-project\\backend\\src\\controllers\\aiController.js": {"path":"C:\\Users\\hp\\.gemini\\antigravity\\scratch\\ecommerce-final-project\\backend\\src\\controllers\\aiController.js","statementMap":{"0":{"start":{"line":1,"column":18},"end":{"line":1,"column":50}},"1":{"start":{"line":5,"column":4},"end":{"line":15,"column":5}},"2":{"start":{"line":6,"column":26},"end":{"line":6,"column":34}},"3":{"start":{"line":7,"column":6},"end":{"line":9,"column":7}},"4":{"start":{"line":8,"column":8},"end":{"line":8,"column":70}},"5":{"start":{"line":11,"column":23},"end":{"line":11,"column":61}},"6":{"start":{"line":12,"column":6},"end":{"line":12,"column":44}},"7":{"start":{"line":14,"column":6},"end":{"line":14,"column":58}},"8":{"start":{"line":19,"column":4},"end":{"line":29,"column":5}},"9":{"start":{"line":20,"column":29},"end":{"line":20,"column":37}},"10":{"start":{"line":21,"column":6},"end":{"line":23,"column":7}},"11":{"start":{"line":22,"column":8},"end":{"line":22,"column":104}},"12":{"start":{"line":25,"column":25},"end":{"line":25,"column":68}},"13":{"start":{"line":26,"column":6},"end":{"line":26,"column":46}},"14":{"start":{"line":28,"column":6},"end":{"line":28,"column":58}},"15":{"start":{"line":33,"column":4},"end":{"line":38,"column":5}},"16":{"start":{"line":34,"column":22},"end":{"line":34,"column":69}},"17":{"start":{"line":35,"column":6},"end":{"line":35,"column":43}},"18":{"start":{"line":37,"column":6},"end":{"line":37,"column":58}},"19":{"start":{"line":42,"column":4},"end":{"line":51,"column":5}},"20":{"start":{"line":43,"column":32},"end":{"line":43,"column":40}},"21":{"start":{"line":44,"column":27},"end":{"line":44,"column":55}},"22":{"start":{"line":45,"column":26},"end":{"line":45,"column":44}},"23":{"start":{"line":47,"column":21},"end":{"line":47,"column":78}},"24":{"start":{"line":48,"column":6},"end":{"line":48,"column":42}},"25":{"start":{"line":50,"column":6},"end":{"line":50,"column":58}},"26":{"start":{"line":55,"column":0},"end":{"line":55,"column":36}}},"fnMap":{"0":{"name":"(anonymous_0)","decl":{"start":{"line":4,"column":2},"end":{"line":4,"column":3}},"loc":{"start":{"line":4,"column":32},"end":{"line":16,"column":3}},"line":4},"1":{"name":"(anonymous_1)","decl":{"start":{"line":18,"column":2},"end":{"line":18,"column":3}},"loc":{"start":{"line":18,"column":34},"end":{"line":30,"column":3}},"line":18},"2":{"name":"(anonymous_2)","decl":{"start":{"line":32,"column":2},"end":{"line":32,"column":3}},"loc":{"start":{"line":32,"column":35},"end":{"line":39,"column":3}},"line":32},"3":{"name":"(anonymous_3)","decl":{"start":{"line":41,"column":2},"end":{"line":41,"column":3}},"loc":{"start":{"line":41,"column":33},"end":{"line":52,"column":3}},"line":41}},"branchMap":{"0":{"loc":{"start":{"line":7,"column":6},"end":{"line":9,"column":7}},"type":"if","locations":[{"start":{"line":7,"column":6},"end":{"line":9,"column":7}},{"start":{},"end":{}}],"line":7},"1":{"loc":{"start":{"line":21,"column":6},"end":{"line":23,"column":7}},"type":"if","locations":[{"start":{"line":21,"column":6},"end":{"line":23,"column":7}},{"start":{},"end":{}}],"line":21},"2":{"loc":{"start":{"line":21,"column":10},"end":{"line":21,"column":76}},"type":"binary-expr","locations":[{"start":{"line":21,"column":10},"end":{"line":21,"column":21}},{"start":{"line":21,"column":25},"end":{"line":21,"column":51}},{"start":{"line":21,"column":55},"end":{"line":21,"column":76}}],"line":21},"3":{"loc":{"start":{"line":44,"column":27},"end":{"line":44,"column":55}},"type":"binary-expr","locations":[{"start":{"line":44,"column":27},"end":{"line":44,"column":45}},{"start":{"line":44,"column":49},"end":{"line":44,"column":55}}],"line":44},"4":{"loc":{"start":{"line":45,"column":26},"end":{"line":45,"column":44}},"type":"binary-expr","locations":[{"start":{"line":45,"column":26},"end":{"line":45,"column":31}},{"start":{"line":45,"column":35},"end":{"line":45,"column":44}}],"line":45}},"s":{"0":2,"1":0,"2":0,"3":0,"4":0,"5":0,"6":0,"7":0,"8":0,"9":0,"10":0,"11":0,"12":0,"13":0,"14":0,"15":0,"16":0,"17":0,"18":0,"19":0,"20":0,"21":0,"22":0,"23":0,"24":0,"25":0,"26":2},"f":{"0":0,"1":0,"2":0,"3":0},"b":{"0":[0,0],"1":[0,0],"2":[0,0,0],"3":[0,0],"4":[0,0]},"_coverageSchema":"1a1c01bbd47fc00a2c39e90264f33305004495a9","hash":"e5f4db47f03ef26fcf344810859d4c8520c7a0e2"}
,"C:\\Users\\hp\\.gemini\\antigravity\\scratch\\ecommerce-final-project\\backend\\src\\controllers\\authController.js": {"path":"C:\\Users\\hp\\.gemini\\antigravity\\scratch\\ecommerce-final-project\\backend\\src\\controllers\\authController.js","statementMap":{"0":{"start":{"line":1,"column":20},"end":{"line":1,"column":54}},"1":{"start":{"line":2,"column":23},"end":{"line":2,"column":64}},"2":{"start":{"line":6,"column":4},"end":{"line":16,"column":5}},"3":{"start":{"line":7,"column":46},"end":{"line":7,"column":54}},"4":{"start":{"line":8,"column":6},"end":{"line":10,"column":7}},"5":{"start":{"line":9,"column":8},"end":{"line":9,"column":89}},"6":{"start":{"line":12,"column":21},"end":{"line":12,"column":76}},"7":{"start":{"line":13,"column":6},"end":{"line":13,"column":42}},"8":{"start":{"line":15,"column":6},"end":{"line":15,"column":58}},"9":{"start":{"line":20,"column":4},"end":{"line":30,"column":5}},"10":{"start":{"line":21,"column":34},"end":{"line":21,"column":42}},"11":{"start":{"line":22,"column":6},"end":{"line":24,"column":7}},"12":{"start":{"line":23,"column":8},"end":{"line":23,"column":82}},"13":{"start":{"line":26,"column":21},"end":{"line":26,"column":61}},"14":{"start":{"line":27,"column":6},"end":{"line":27,"column":42}},"15":{"start":{"line":29,"column":6},"end":{"line":29,"column":58}},"16":{"start":{"line":34,"column":4},"end":{"line":42,"column":5}},"17":{"start":{"line":35,"column":19},"end":{"line":35,"column":61}},"18":{"start":{"line":36,"column":6},"end":{"line":38,"column":7}},"19":{"start":{"line":37,"column":8},"end":{"line":37,"column":65}},"20":{"start":{"line":39,"column":6},"end":{"line":39,"column":40}},"21":{"start":{"line":41,"column":6},"end":{"line":41,"column":58}},"22":{"start":{"line":46,"column":0},"end":{"line":46,"column":38}}},"fnMap":{"0":{"name":"(anonymous_0)","decl":{"start":{"line":5,"column":2},"end":{"line":5,"column":3}},"loc":{"start":{"line":5,"column":27},"end":{"line":17,"column":3}},"line":5},"1":{"name":"(anonymous_1)","decl":{"start":{"line":19,"column":2},"end":{"line":19,"column":3}},"loc":{"start":{"line":19,"column":24},"end":{"line":31,"column":3}},"line":19},"2":{"name":"(anonymous_2)","decl":{"start":{"line":33,"column":2},"end":{"line":33,"column":3}},"loc":{"start":{"line":33,"column":33},"end":{"line":43,"column":3}},"line":33}},"branchMap":{"0":{"loc":{"start":{"line":8,"column":6},"end":{"line":10,"column":7}},"type":"if","locations":[{"start":{"line":8,"column":6},"end":{"line":10,"column":7}},{"start":{},"end":{}}],"line":8},"1":{"loc":{"start":{"line":8,"column":10},"end":{"line":8,"column":38}},"type":"binary-expr","locations":[{"start":{"line":8,"column":10},"end":{"line":8,"column":15}},{"start":{"line":8,"column":19},"end":{"line":8,"column":25}},{"start":{"line":8,"column":29},"end":{"line":8,"column":38}}],"line":8},"2":{"loc":{"start":{"line":22,"column":6},"end":{"line":24,"column":7}},"type":"if","locations":[{"start":{"line":22,"column":6},"end":{"line":24,"column":7}},{"start":{},"end":{}}],"line":22},"3":{"loc":{"start":{"line":22,"column":10},"end":{"line":22,"column":29}},"type":"binary-expr","locations":[{"start":{"line":22,"column":10},"end":{"line":22,"column":16}},{"start":{"line":22,"column":20},"end":{"line":22,"column":29}}],"line":22},"4":{"loc":{"start":{"line":36,"column":6},"end":{"line":38,"column":7}},"type":"if","locations":[{"start":{"line":36,"column":6},"end":{"line":38,"column":7}},{"start":{},"end":{}}],"line":36}},"s":{"0":2,"1":2,"2":1,"3":1,"4":1,"5":0,"6":1,"7":1,"8":0,"9":1,"10":1,"11":1,"12":0,"13":1,"14":1,"15":0,"16":0,"17":0,"18":0,"19":0,"20":0,"21":0,"22":2},"f":{"0":1,"1":1,"2":0},"b":{"0":[0,1],"1":[1,1,1],"2":[0,1],"3":[1,1],"4":[0,0]},"_coverageSchema":"1a1c01bbd47fc00a2c39e90264f33305004495a9","hash":"fc6789d2ed100411b2a190696ae48efee566a4c4"}
,"C:\\Users\\hp\\.gemini\\antigravity\\scratch\\ecommerce-final-project\\backend\\src\\controllers\\chatController.js": {"path":"C:\\Users\\hp\\.gemini\\antigravity\\scratch\\ecommerce-final-project\\backend\\src\\controllers\\chatController.js","statementMap":{"0":{"start":{"line":1,"column":20},"end":{"line":1,"column":54}},"1":{"start":{"line":5,"column":4},"end":{"line":10,"column":5}},"2":{"start":{"line":6,"column":23},"end":{"line":6,"column":60}},"3":{"start":{"line":7,"column":6},"end":{"line":7,"column":44}},"4":{"start":{"line":9,"column":6},"end":{"line":9,"column":58}},"5":{"start":{"line":14,"column":4},"end":{"line":27,"column":5}},"6":{"start":{"line":15,"column":47},"end":{"line":15,"column":55}},"7":{"start":{"line":16,"column":6},"end":{"line":18,"column":7}},"8":{"start":{"line":17,"column":8},"end":{"line":17,"column":75}},"9":{"start":{"line":20,"column":19},"end":{"line":20,"column":78}},"10":{"start":{"line":21,"column":19},"end":{"line":21,"column":72}},"11":{"start":{"line":23,"column":22},"end":{"line":23,"column":69}},"12":{"start":{"line":24,"column":6},"end":{"line":24,"column":43}},"13":{"start":{"line":26,"column":6},"end":{"line":26,"column":58}},"14":{"start":{"line":31,"column":0},"end":{"line":31,"column":38}}},"fnMap":{"0":{"name":"(anonymous_0)","decl":{"start":{"line":4,"column":2},"end":{"line":4,"column":3}},"loc":{"start":{"line":4,"column":30},"end":{"line":11,"column":3}},"line":4},"1":{"name":"(anonymous_1)","decl":{"start":{"line":13,"column":2},"end":{"line":13,"column":3}},"loc":{"start":{"line":13,"column":30},"end":{"line":28,"column":3}},"line":13}},"branchMap":{"0":{"loc":{"start":{"line":16,"column":6},"end":{"line":18,"column":7}},"type":"if","locations":[{"start":{"line":16,"column":6},"end":{"line":18,"column":7}},{"start":{},"end":{}}],"line":16},"1":{"loc":{"start":{"line":20,"column":19},"end":{"line":20,"column":78}},"type":"binary-expr","locations":[{"start":{"line":20,"column":19},"end":{"line":20,"column":29}},{"start":{"line":20,"column":34},"end":{"line":20,"column":77}}],"line":20},"2":{"loc":{"start":{"line":20,"column":34},"end":{"line":20,"column":77}},"type":"cond-expr","locations":[{"start":{"line":20,"column":45},"end":{"line":20,"column":58}},{"start":{"line":20,"column":61},"end":{"line":20,"column":77}}],"line":20},"3":{"loc":{"start":{"line":21,"column":19},"end":{"line":21,"column":72}},"type":"binary-expr","locations":[{"start":{"line":21,"column":19},"end":{"line":21,"column":29}},{"start":{"line":21,"column":34},"end":{"line":21,"column":71}}],"line":21},"4":{"loc":{"start":{"line":21,"column":34},"end":{"line":21,"column":71}},"type":"cond-expr","locations":[{"start":{"line":21,"column":45},"end":{"line":21,"column":58}},{"start":{"line":21,"column":61},"end":{"line":21,"column":71}}],"line":21}},"s":{"0":2,"1":0,"2":0,"3":0,"4":0,"5":0,"6":0,"7":0,"8":0,"9":0,"10":0,"11":0,"12":0,"13":0,"14":2},"f":{"0":0,"1":0},"b":{"0":[0,0],"1":[0,0],"2":[0,0],"3":[0,0],"4":[0,0]},"_coverageSchema":"1a1c01bbd47fc00a2c39e90264f33305004495a9","hash":"f85df7b2b94aa7246fc5529f54ec0daee84edcde"}
,"C:\\Users\\hp\\.gemini\\antigravity\\scratch\\ecommerce-final-project\\backend\\src\\controllers\\orderController.js": {"path":"C:\\Users\\hp\\.gemini\\antigravity\\scratch\\ecommerce-final-project\\backend\\src\\controllers\\orderController.js","statementMap":{"0":{"start":{"line":1,"column":24},"end":{"line":1,"column":66}},"1":{"start":{"line":2,"column":23},"end":{"line":2,"column":60}},"2":{"start":{"line":3,"column":28},"end":{"line":3,"column":70}},"3":{"start":{"line":7,"column":4},"end":{"line":47,"column":5}},"4":{"start":{"line":8,"column":56},"end":{"line":8,"column":64}},"5":{"start":{"line":9,"column":6},"end":{"line":11,"column":7}},"6":{"start":{"line":10,"column":8},"end":{"line":10,"column":96}},"7":{"start":{"line":14,"column":26},"end":{"line":14,"column":90}},"8":{"start":{"line":14,"column":54},"end":{"line":14,"column":86}},"9":{"start":{"line":17,"column":28},"end":{"line":19,"column":8}},"10":{"start":{"line":21,"column":6},"end":{"line":23,"column":7}},"11":{"start":{"line":22,"column":8},"end":{"line":22,"column":76}},"12":{"start":{"line":26,"column":20},"end":{"line":35,"column":7}},"13":{"start":{"line":38,"column":6},"end":{"line":42,"column":9}},"14":{"start":{"line":44,"column":6},"end":{"line":44,"column":41}},"15":{"start":{"line":46,"column":6},"end":{"line":46,"column":58}},"16":{"start":{"line":51,"column":4},"end":{"line":56,"column":5}},"17":{"start":{"line":52,"column":21},"end":{"line":52,"column":68}},"18":{"start":{"line":53,"column":6},"end":{"line":53,"column":42}},"19":{"start":{"line":55,"column":6},"end":{"line":55,"column":58}},"20":{"start":{"line":60,"column":4},"end":{"line":65,"column":5}},"21":{"start":{"line":61,"column":21},"end":{"line":61,"column":52}},"22":{"start":{"line":62,"column":6},"end":{"line":62,"column":42}},"23":{"start":{"line":64,"column":6},"end":{"line":64,"column":58}},"24":{"start":{"line":69,"column":4},"end":{"line":86,"column":5}},"25":{"start":{"line":70,"column":25},"end":{"line":70,"column":33}},"26":{"start":{"line":71,"column":20},"end":{"line":71,"column":77}},"27":{"start":{"line":72,"column":6},"end":{"line":74,"column":7}},"28":{"start":{"line":73,"column":8},"end":{"line":73,"column":66}},"29":{"start":{"line":77,"column":6},"end":{"line":81,"column":9}},"30":{"start":{"line":83,"column":6},"end":{"line":83,"column":41}},"31":{"start":{"line":85,"column":6},"end":{"line":85,"column":58}},"32":{"start":{"line":90,"column":0},"end":{"line":90,"column":39}}},"fnMap":{"0":{"name":"(anonymous_0)","decl":{"start":{"line":6,"column":2},"end":{"line":6,"column":3}},"loc":{"start":{"line":6,"column":30},"end":{"line":48,"column":3}},"line":6},"1":{"name":"(anonymous_1)","decl":{"start":{"line":14,"column":39},"end":{"line":14,"column":40}},"loc":{"start":{"line":14,"column":54},"end":{"line":14,"column":86}},"line":14},"2":{"name":"(anonymous_2)","decl":{"start":{"line":50,"column":2},"end":{"line":50,"column":3}},"loc":{"start":{"line":50,"column":32},"end":{"line":57,"column":3}},"line":50},"3":{"name":"(anonymous_3)","decl":{"start":{"line":59,"column":2},"end":{"line":59,"column":3}},"loc":{"start":{"line":59,"column":31},"end":{"line":66,"column":3}},"line":59},"4":{"name":"(anonymous_4)","decl":{"start":{"line":68,"column":2},"end":{"line":68,"column":3}},"loc":{"start":{"line":68,"column":36},"end":{"line":87,"column":3}},"line":68}},"branchMap":{"0":{"loc":{"start":{"line":9,"column":6},"end":{"line":11,"column":7}},"type":"if","locations":[{"start":{"line":9,"column":6},"end":{"line":11,"column":7}},{"start":{},"end":{}}],"line":9},"1":{"loc":{"start":{"line":9,"column":10},"end":{"line":9,"column":53}},"type":"binary-expr","locations":[{"start":{"line":9,"column":10},"end":{"line":9,"column":16}},{"start":{"line":9,"column":20},"end":{"line":9,"column":33}},{"start":{"line":9,"column":37},"end":{"line":9,"column":53}}],"line":9},"2":{"loc":{"start":{"line":21,"column":6},"end":{"line":23,"column":7}},"type":"if","locations":[{"start":{"line":21,"column":6},"end":{"line":23,"column":7}},{"start":{},"end":{}}],"line":21},"3":{"loc":{"start":{"line":31,"column":25},"end":{"line":31,"column":55}},"type":"binary-expr","locations":[{"start":{"line":31,"column":25},"end":{"line":31,"column":38}},{"start":{"line":31,"column":42},"end":{"line":31,"column":55}}],"line":31},"4":{"loc":{"start":{"line":72,"column":6},"end":{"line":74,"column":7}},"type":"if","locations":[{"start":{"line":72,"column":6},"end":{"line":74,"column":7}},{"start":{},"end":{}}],"line":72}},"s":{"0":2,"1":2,"2":2,"3":0,"4":0,"5":0,"6":0,"7":0,"8":0,"9":0,"10":0,"11":0,"12":0,"13":0,"14":0,"15":0,"16":0,"17":0,"18":0,"19":0,"20":0,"21":0,"22":0,"23":0,"24":0,"25":0,"26":0,"27":0,"28":0,"29":0,"30":0,"31":0,"32":2},"f":{"0":0,"1":0,"2":0,"3":0,"4":0},"b":{"0":[0,0],"1":[0,0,0],"2":[0,0],"3":[0,0],"4":[0,0]},"_coverageSchema":"1a1c01bbd47fc00a2c39e90264f33305004495a9","hash":"dac3b37d877528164fc0a74abe50888156ded42c"}
,"C:\\Users\\hp\\.gemini\\antigravity\\scratch\\ecommerce-final-project\\backend\\src\\controllers\\productController.js": {"path":"C:\\Users\\hp\\.gemini\\antigravity\\scratch\\ecommerce-final-project\\backend\\src\\controllers\\productController.js","statementMap":{"0":{"start":{"line":1,"column":26},"end":{"line":1,"column":70}},"1":{"start":{"line":5,"column":4},"end":{"line":10,"column":5}},"2":{"start":{"line":6,"column":23},"end":{"line":6,"column":56}},"3":{"start":{"line":7,"column":6},"end":{"line":7,"column":44}},"4":{"start":{"line":9,"column":6},"end":{"line":9,"column":58}},"5":{"start":{"line":14,"column":4},"end":{"line":22,"column":5}},"6":{"start":{"line":15,"column":22},"end":{"line":15,"column":69}},"7":{"start":{"line":16,"column":6},"end":{"line":18,"column":7}},"8":{"start":{"line":17,"column":8},"end":{"line":17,"column":68}},"9":{"start":{"line":19,"column":6},"end":{"line":19,"column":43}},"10":{"start":{"line":21,"column":6},"end":{"line":21,"column":58}},"11":{"start":{"line":26,"column":4},"end":{"line":44,"column":5}},"12":{"start":{"line":27,"column":72},"end":{"line":27,"column":80}},"13":{"start":{"line":28,"column":6},"end":{"line":30,"column":7}},"14":{"start":{"line":29,"column":8},"end":{"line":29,"column":91}},"15":{"start":{"line":32,"column":25},"end":{"line":39,"column":8}},"16":{"start":{"line":41,"column":6},"end":{"line":41,"column":46}},"17":{"start":{"line":43,"column":6},"end":{"line":43,"column":58}},"18":{"start":{"line":48,"column":4},"end":{"line":56,"column":5}},"19":{"start":{"line":49,"column":29},"end":{"line":49,"column":84}},"20":{"start":{"line":50,"column":6},"end":{"line":52,"column":7}},"21":{"start":{"line":51,"column":8},"end":{"line":51,"column":68}},"22":{"start":{"line":53,"column":6},"end":{"line":53,"column":50}},"23":{"start":{"line":55,"column":6},"end":{"line":55,"column":58}},"24":{"start":{"line":60,"column":4},"end":{"line":68,"column":5}},"25":{"start":{"line":61,"column":22},"end":{"line":61,"column":67}},"26":{"start":{"line":62,"column":6},"end":{"line":64,"column":7}},"27":{"start":{"line":63,"column":8},"end":{"line":63,"column":68}},"28":{"start":{"line":65,"column":6},"end":{"line":65,"column":79}},"29":{"start":{"line":67,"column":6},"end":{"line":67,"column":58}},"30":{"start":{"line":72,"column":0},"end":{"line":72,"column":41}}},"fnMap":{"0":{"name":"(anonymous_0)","decl":{"start":{"line":4,"column":2},"end":{"line":4,"column":3}},"loc":{"start":{"line":4,"column":33},"end":{"line":11,"column":3}},"line":4},"1":{"name":"(anonymous_1)","decl":{"start":{"line":13,"column":2},"end":{"line":13,"column":3}},"loc":{"start":{"line":13,"column":33},"end":{"line":23,"column":3}},"line":13},"2":{"name":"(anonymous_2)","decl":{"start":{"line":25,"column":2},"end":{"line":25,"column":3}},"loc":{"start":{"line":25,"column":32},"end":{"line":45,"column":3}},"line":25},"3":{"name":"(anonymous_3)","decl":{"start":{"line":47,"column":2},"end":{"line":47,"column":3}},"loc":{"start":{"line":47,"column":32},"end":{"line":57,"column":3}},"line":47},"4":{"name":"(anonymous_4)","decl":{"start":{"line":59,"column":2},"end":{"line":59,"column":3}},"loc":{"start":{"line":59,"column":32},"end":{"line":69,"column":3}},"line":59}},"branchMap":{"0":{"loc":{"start":{"line":16,"column":6},"end":{"line":18,"column":7}},"type":"if","locations":[{"start":{"line":16,"column":6},"end":{"line":18,"column":7}},{"start":{},"end":{}}],"line":16},"1":{"loc":{"start":{"line":28,"column":6},"end":{"line":30,"column":7}},"type":"if","locations":[{"start":{"line":28,"column":6},"end":{"line":30,"column":7}},{"start":{},"end":{}}],"line":28},"2":{"loc":{"start":{"line":28,"column":10},"end":{"line":28,"column":40}},"type":"binary-expr","locations":[{"start":{"line":28,"column":10},"end":{"line":28,"column":15}},{"start":{"line":28,"column":19},"end":{"line":28,"column":25}},{"start":{"line":28,"column":29},"end":{"line":28,"column":40}}],"line":28},"3":{"loc":{"start":{"line":34,"column":21},"end":{"line":34,"column":38}},"type":"binary-expr","locations":[{"start":{"line":34,"column":21},"end":{"line":34,"column":32}},{"start":{"line":34,"column":36},"end":{"line":34,"column":38}}],"line":34},"4":{"loc":{"start":{"line":36,"column":15},"end":{"line":36,"column":36}},"type":"binary-expr","locations":[{"start":{"line":36,"column":15},"end":{"line":36,"column":30}},{"start":{"line":36,"column":34},"end":{"line":36,"column":36}}],"line":36},"5":{"loc":{"start":{"line":37,"column":18},"end":{"line":37,"column":124}},"type":"binary-expr","locations":[{"start":{"line":37,"column":18},"end":{"line":37,"column":26}},{"start":{"line":37,"column":30},"end":{"line":37,"column":124}}],"line":37},"6":{"loc":{"start":{"line":50,"column":6},"end":{"line":52,"column":7}},"type":"if","locations":[{"start":{"line":50,"column":6},"end":{"line":52,"column":7}},{"start":{},"end":{}}],"line":50},"7":{"loc":{"start":{"line":62,"column":6},"end":{"line":64,"column":7}},"type":"if","locations":[{"start":{"line":62,"column":6},"end":{"line":64,"column":7}},{"start":{},"end":{}}],"line":62}},"s":{"0":2,"1":1,"2":1,"3":1,"4":0,"5":0,"6":0,"7":0,"8":0,"9":0,"10":0,"11":0,"12":0,"13":0,"14":0,"15":0,"16":0,"17":0,"18":0,"19":0,"20":0,"21":0,"22":0,"23":0,"24":0,"25":0,"26":0,"27":0,"28":0,"29":0,"30":2},"f":{"0":1,"1":0,"2":0,"3":0,"4":0},"b":{"0":[0,0],"1":[0,0],"2":[0,0,0],"3":[0,0],"4":[0,0],"5":[0,0],"6":[0,0],"7":[0,0]},"_coverageSchema":"1a1c01bbd47fc00a2c39e90264f33305004495a9","hash":"b28b1dc917686adaeafa458d4062ddfff8d3fdf4"}
,"C:\\Users\\hp\\.gemini\\antigravity\\scratch\\ecommerce-final-project\\backend\\src\\middleware\\authMiddleware.js": {"path":"C:\\Users\\hp\\.gemini\\antigravity\\scratch\\ecommerce-final-project\\backend\\src\\middleware\\authMiddleware.js","statementMap":{"0":{"start":{"line":1,"column":12},"end":{"line":1,"column":35}},"1":{"start":{"line":3,"column":19},"end":{"line":3,"column":75}},"2":{"start":{"line":6,"column":21},"end":{"line":6,"column":49}},"3":{"start":{"line":7,"column":16},"end":{"line":7,"column":54}},"4":{"start":{"line":9,"column":2},"end":{"line":11,"column":3}},"5":{"start":{"line":10,"column":4},"end":{"line":10,"column":68}},"6":{"start":{"line":13,"column":2},"end":{"line":19,"column":5}},"7":{"start":{"line":14,"column":4},"end":{"line":16,"column":5}},"8":{"start":{"line":15,"column":6},"end":{"line":15,"column":73}},"9":{"start":{"line":17,"column":4},"end":{"line":17,"column":20}},"10":{"start":{"line":18,"column":4},"end":{"line":18,"column":11}},"11":{"start":{"line":22,"column":0},"end":{"line":22,"column":35}}},"fnMap":{"0":{"name":"authenticateToken","decl":{"start":{"line":5,"column":9},"end":{"line":5,"column":26}},"loc":{"start":{"line":5,"column":43},"end":{"line":20,"column":1}},"line":5},"1":{"name":"(anonymous_1)","decl":{"start":{"line":13,"column":32},"end":{"line":13,"column":33}},"loc":{"start":{"line":13,"column":47},"end":{"line":19,"column":3}},"line":13}},"branchMap":{"0":{"loc":{"start":{"line":3,"column":19},"end":{"line":3,"column":75}},"type":"binary-expr","locations":[{"start":{"line":3,"column":19},"end":{"line":3,"column":41}},{"start":{"line":3,"column":45},"end":{"line":3,"column":75}}],"line":3},"1":{"loc":{"start":{"line":7,"column":16},"end":{"line":7,"column":54}},"type":"binary-expr","locations":[{"start":{"line":7,"column":16},"end":{"line":7,"column":26}},{"start":{"line":7,"column":30},"end":{"line":7,"column":54}}],"line":7},"2":{"loc":{"start":{"line":9,"column":2},"end":{"line":11,"column":3}},"type":"if","locations":[{"start":{"line":9,"column":2},"end":{"line":11,"column":3}},{"start":{},"end":{}}],"line":9},"3":{"loc":{"start":{"line":14,"column":4},"end":{"line":16,"column":5}},"type":"if","locations":[{"start":{"line":14,"column":4},"end":{"line":16,"column":5}},{"start":{},"end":{}}],"line":14}},"s":{"0":2,"1":2,"2":1,"3":1,"4":1,"5":0,"6":1,"7":1,"8":0,"9":1,"10":1,"11":2},"f":{"0":1,"1":1},"b":{"0":[2,2],"1":[1,1],"2":[0,1],"3":[0,1]},"_coverageSchema":"1a1c01bbd47fc00a2c39e90264f33305004495a9","hash":"bab1a66e9a219525869116e2a7d6f8b7473a86ff"}
,"C:\\Users\\hp\\.gemini\\antigravity\\scratch\\ecommerce-final-project\\backend\\src\\middleware\\rbacMiddleware.js": {"path":"C:\\Users\\hp\\.gemini\\antigravity\\scratch\\ecommerce-final-project\\backend\\src\\middleware\\rbacMiddleware.js","statementMap":{"0":{"start":{"line":4,"column":2},"end":{"line":16,"column":4}},"1":{"start":{"line":5,"column":4},"end":{"line":7,"column":5}},"2":{"start":{"line":6,"column":6},"end":{"line":6,"column":74}},"3":{"start":{"line":9,"column":4},"end":{"line":13,"column":5}},"4":{"start":{"line":10,"column":6},"end":{"line":12,"column":9}},"5":{"start":{"line":15,"column":4},"end":{"line":15,"column":11}},"6":{"start":{"line":19,"column":0},"end":{"line":19,"column":27}}},"fnMap":{"0":{"name":"checkRole","decl":{"start":{"line":3,"column":9},"end":{"line":3,"column":18}},"loc":{"start":{"line":3,"column":38},"end":{"line":17,"column":1}},"line":3},"1":{"name":"(anonymous_1)","decl":{"start":{"line":4,"column":9},"end":{"line":4,"column":10}},"loc":{"start":{"line":4,"column":29},"end":{"line":16,"column":3}},"line":4}},"branchMap":{"0":{"loc":{"start":{"line":3,"column":19},"end":{"line":3,"column":36}},"type":"default-arg","locations":[{"start":{"line":3,"column":34},"end":{"line":3,"column":36}}],"line":3},"1":{"loc":{"start":{"line":5,"column":4},"end":{"line":7,"column":5}},"type":"if","locations":[{"start":{"line":5,"column":4},"end":{"line":7,"column":5}},{"start":{},"end":{}}],"line":5},"2":{"loc":{"start":{"line":9,"column":4},"end":{"line":13,"column":5}},"type":"if","locations":[{"start":{"line":9,"column":4},"end":{"line":13,"column":5}},{"start":{},"end":{}}],"line":9}},"s":{"0":10,"1":1,"2":0,"3":1,"4":1,"5":0,"6":2},"f":{"0":10,"1":1},"b":{"0":[0],"1":[0,1],"2":[1,0]},"_coverageSchema":"1a1c01bbd47fc00a2c39e90264f33305004495a9","hash":"22a08420a901bb7cf98e880d9b60fba599bb0b80"}
,"C:\\Users\\hp\\.gemini\\antigravity\\scratch\\ecommerce-final-project\\backend\\src\\models\\Category.js": {"path":"C:\\Users\\hp\\.gemini\\antigravity\\scratch\\ecommerce-final-project\\backend\\src\\models\\Category.js","statementMap":{"0":{"start":{"line":1,"column":22},"end":{"line":1,"column":42}},"1":{"start":{"line":2,"column":18},"end":{"line":2,"column":47}},"2":{"start":{"line":4,"column":17},"end":{"line":19,"column":2}},"3":{"start":{"line":21,"column":0},"end":{"line":21,"column":26}}},"fnMap":{},"branchMap":{},"s":{"0":2,"1":2,"2":2,"3":2},"f":{},"b":{},"_coverageSchema":"1a1c01bbd47fc00a2c39e90264f33305004495a9","hash":"fccb033abf12e4719450b97119974a896756bcfd"}
,"C:\\Users\\hp\\.gemini\\antigravity\\scratch\\ecommerce-final-project\\backend\\src\\models\\ChatMessage.js": {"path":"C:\\Users\\hp\\.gemini\\antigravity\\scratch\\ecommerce-final-project\\backend\\src\\models\\ChatMessage.js","statementMap":{"0":{"start":{"line":1,"column":22},"end":{"line":1,"column":42}},"1":{"start":{"line":2,"column":18},"end":{"line":2,"column":47}},"2":{"start":{"line":4,"column":20},"end":{"line":26,"column":2}},"3":{"start":{"line":28,"column":0},"end":{"line":28,"column":29}}},"fnMap":{},"branchMap":{},"s":{"0":2,"1":2,"2":2,"3":2},"f":{},"b":{},"_coverageSchema":"1a1c01bbd47fc00a2c39e90264f33305004495a9","hash":"73b9e87068eea40878162d0ee9362e742207c7fd"}
,"C:\\Users\\hp\\.gemini\\antigravity\\scratch\\ecommerce-final-project\\backend\\src\\models\\Order.js": {"path":"C:\\Users\\hp\\.gemini\\antigravity\\scratch\\ecommerce-final-project\\backend\\src\\models\\Order.js","statementMap":{"0":{"start":{"line":1,"column":22},"end":{"line":1,"column":42}},"1":{"start":{"line":2,"column":18},"end":{"line":2,"column":47}},"2":{"start":{"line":4,"column":14},"end":{"line":30,"column":2}},"3":{"start":{"line":32,"column":0},"end":{"line":32,"column":23}}},"fnMap":{},"branchMap":{},"s":{"0":2,"1":2,"2":2,"3":2},"f":{},"b":{},"_coverageSchema":"1a1c01bbd47fc00a2c39e90264f33305004495a9","hash":"e320f2ecdc7b5006df68fa513ae588b9681ada89"}
,"C:\\Users\\hp\\.gemini\\antigravity\\scratch\\ecommerce-final-project\\backend\\src\\models\\OrderItem.js": {"path":"C:\\Users\\hp\\.gemini\\antigravity\\scratch\\ecommerce-final-project\\backend\\src\\models\\OrderItem.js","statementMap":{"0":{"start":{"line":1,"column":22},"end":{"line":1,"column":42}},"1":{"start":{"line":2,"column":18},"end":{"line":2,"column":47}},"2":{"start":{"line":4,"column":18},"end":{"line":27,"column":2}},"3":{"start":{"line":29,"column":0},"end":{"line":29,"column":27}}},"fnMap":{},"branchMap":{},"s":{"0":2,"1":2,"2":2,"3":2},"f":{},"b":{},"_coverageSchema":"1a1c01bbd47fc00a2c39e90264f33305004495a9","hash":"a9a0cfeff1e96cd9cf900aa1a99ff842a8531b59"}
,"C:\\Users\\hp\\.gemini\\antigravity\\scratch\\ecommerce-final-project\\backend\\src\\models\\Product.js": {"path":"C:\\Users\\hp\\.gemini\\antigravity\\scratch\\ecommerce-final-project\\backend\\src\\models\\Product.js","statementMap":{"0":{"start":{"line":1,"column":22},"end":{"line":1,"column":42}},"1":{"start":{"line":2,"column":18},"end":{"line":2,"column":47}},"2":{"start":{"line":4,"column":16},"end":{"line":35,"column":2}},"3":{"start":{"line":37,"column":0},"end":{"line":37,"column":25}}},"fnMap":{},"branchMap":{},"s":{"0":2,"1":2,"2":2,"3":2},"f":{},"b":{},"_coverageSchema":"1a1c01bbd47fc00a2c39e90264f33305004495a9","hash":"44626dcb8edddad758b716972cdc5a4c485abb3b"}
,"C:\\Users\\hp\\.gemini\\antigravity\\scratch\\ecommerce-final-project\\backend\\src\\models\\User.js": {"path":"C:\\Users\\hp\\.gemini\\antigravity\\scratch\\ecommerce-final-project\\backend\\src\\models\\User.js","statementMap":{"0":{"start":{"line":1,"column":22},"end":{"line":1,"column":42}},"1":{"start":{"line":2,"column":18},"end":{"line":2,"column":47}},"2":{"start":{"line":4,"column":13},"end":{"line":30,"column":2}},"3":{"start":{"line":32,"column":0},"end":{"line":32,"column":22}}},"fnMap":{},"branchMap":{},"s":{"0":2,"1":2,"2":2,"3":2},"f":{},"b":{},"_coverageSchema":"1a1c01bbd47fc00a2c39e90264f33305004495a9","hash":"77e339d55ece278076038cb1c4e9a7890219ef75"}
,"C:\\Users\\hp\\.gemini\\antigravity\\scratch\\ecommerce-final-project\\backend\\src\\models\\index.js": {"path":"C:\\Users\\hp\\.gemini\\antigravity\\scratch\\ecommerce-final-project\\backend\\src\\models\\index.js","statementMap":{"0":{"start":{"line":1,"column":18},"end":{"line":1,"column":47}},"1":{"start":{"line":2,"column":13},"end":{"line":2,"column":30}},"2":{"start":{"line":3,"column":17},"end":{"line":3,"column":38}},"3":{"start":{"line":4,"column":16},"end":{"line":4,"column":36}},"4":{"start":{"line":5,"column":14},"end":{"line":5,"column":32}},"5":{"start":{"line":6,"column":18},"end":{"line":6,"column":40}},"6":{"start":{"line":7,"column":20},"end":{"line":7,"column":44}},"7":{"start":{"line":8,"column":15},"end":{"line":8,"column":34}},"8":{"start":{"line":11,"column":0},"end":{"line":11,"column":56}},"9":{"start":{"line":12,"column":0},"end":{"line":12,"column":58}},"10":{"start":{"line":14,"column":0},"end":{"line":14,"column":46}},"11":{"start":{"line":15,"column":0},"end":{"line":15,"column":48}},"12":{"start":{"line":17,"column":0},"end":{"line":17,"column":52}},"13":{"start":{"line":18,"column":0},"end":{"line":18,"column":54}},"14":{"start":{"line":20,"column":0},"end":{"line":20,"column":56}},"15":{"start":{"line":21,"column":0},"end":{"line":21,"column":58}},"16":{"start":{"line":25,"column":2},"end":{"line":25,"column":41}},"17":{"start":{"line":28,"column":2},"end":{"line":28,"column":41}},"18":{"start":{"line":29,"column":2},"end":{"line":29,"column":37}},"19":{"start":{"line":30,"column":2},"end":{"line":30,"column":39}},"20":{"start":{"line":31,"column":2},"end":{"line":31,"column":40}},"21":{"start":{"line":33,"column":18},"end":{"line":33,"column":137}},"22":{"start":{"line":34,"column":18},"end":{"line":34,"column":132}},"23":{"start":{"line":35,"column":16},"end":{"line":35,"column":132}},"24":{"start":{"line":36,"column":17},"end":{"line":36,"column":146}},"25":{"start":{"line":39,"column":2},"end":{"line":46,"column":5}},"26":{"start":{"line":48,"column":2},"end":{"line":55,"column":5}},"27":{"start":{"line":57,"column":2},"end":{"line":64,"column":5}},"28":{"start":{"line":67,"column":2},"end":{"line":74,"column":5}},"29":{"start":{"line":76,"column":2},"end":{"line":83,"column":5}},"30":{"start":{"line":85,"column":2},"end":{"line":92,"column":5}},"31":{"start":{"line":95,"column":2},"end":{"line":102,"column":5}},"32":{"start":{"line":104,"column":2},"end":{"line":111,"column":5}},"33":{"start":{"line":113,"column":2},"end":{"line":120,"column":5}},"34":{"start":{"line":122,"column":2},"end":{"line":129,"column":5}},"35":{"start":{"line":132,"column":2},"end":{"line":139,"column":5}},"36":{"start":{"line":141,"column":2},"end":{"line":148,"column":5}},"37":{"start":{"line":150,"column":2},"end":{"line":157,"column":5}},"38":{"start":{"line":159,"column":2},"end":{"line":166,"column":5}},"39":{"start":{"line":169,"column":4},"end":{"line":169,"column":38}},"40":{"start":{"line":171,"column":32},"end":{"line":171,"column":65}},"41":{"start":{"line":172,"column":35},"end":{"line":172,"column":67}},"42":{"start":{"line":174,"column":4},"end":{"line":179,"column":7}},"43":{"start":{"line":181,"column":4},"end":{"line":186,"column":7}},"44":{"start":{"line":188,"column":2},"end":{"line":188,"column":108}},"45":{"start":{"line":191,"column":0},"end":{"line":200,"column":2}}},"fnMap":{"0":{"name":"syncDatabase","decl":{"start":{"line":24,"column":15},"end":{"line":24,"column":27}},"loc":{"start":{"line":24,"column":30},"end":{"line":189,"column":1}},"line":24}},"branchMap":{},"s":{"0":2,"1":2,"2":2,"3":2,"4":2,"5":2,"6":2,"7":2,"8":2,"9":2,"10":2,"11":2,"12":2,"13":2,"14":2,"15":2,"16":0,"17":0,"18":0,"19":0,"20":0,"21":0,"22":0,"23":0,"24":0,"25":0,"26":0,"27":0,"28":0,"29":0,"30":0,"31":0,"32":0,"33":0,"34":0,"35":0,"36":0,"37":0,"38":0,"39":0,"40":0,"41":0,"42":0,"43":0,"44":0,"45":2},"f":{"0":0},"b":{},"_coverageSchema":"1a1c01bbd47fc00a2c39e90264f33305004495a9","hash":"96497c471b45df78a6f7a14c089210387a392d76"}
,"C:\\Users\\hp\\.gemini\\antigravity\\scratch\\ecommerce-final-project\\backend\\src\\repositories\\orderRepository.js": {"path":"C:\\Users\\hp\\.gemini\\antigravity\\scratch\\ecommerce-final-project\\backend\\src\\repositories\\orderRepository.js","statementMap":{"0":{"start":{"line":1,"column":44},"end":{"line":1,"column":64}},"1":{"start":{"line":6,"column":18},"end":{"line":6,"column":47}},"2":{"start":{"line":7,"column":23},"end":{"line":12,"column":7}},"3":{"start":{"line":7,"column":44},"end":{"line":12,"column":5}},"4":{"start":{"line":13,"column":4},"end":{"line":13,"column":43}},"5":{"start":{"line":14,"column":4},"end":{"line":14,"column":41}},"6":{"start":{"line":18,"column":4},"end":{"line":23,"column":7}},"7":{"start":{"line":27,"column":4},"end":{"line":31,"column":7}},"8":{"start":{"line":35,"column":4},"end":{"line":41,"column":7}},"9":{"start":{"line":45,"column":18},"end":{"line":45,"column":42}},"10":{"start":{"line":46,"column":4},"end":{"line":46,"column":28}},"11":{"start":{"line":46,"column":16},"end":{"line":46,"column":28}},"12":{"start":{"line":47,"column":4},"end":{"line":47,"column":26}},"13":{"start":{"line":48,"column":4},"end":{"line":48,"column":23}},"14":{"start":{"line":49,"column":4},"end":{"line":49,"column":17}},"15":{"start":{"line":53,"column":0},"end":{"line":53,"column":39}}},"fnMap":{"0":{"name":"(anonymous_0)","decl":{"start":{"line":5,"column":2},"end":{"line":5,"column":3}},"loc":{"start":{"line":5,"column":38},"end":{"line":15,"column":3}},"line":5},"1":{"name":"(anonymous_1)","decl":{"start":{"line":7,"column":33},"end":{"line":7,"column":34}},"loc":{"start":{"line":7,"column":44},"end":{"line":12,"column":5}},"line":7},"2":{"name":"(anonymous_2)","decl":{"start":{"line":17,"column":2},"end":{"line":17,"column":3}},"loc":{"start":{"line":17,"column":21},"end":{"line":24,"column":3}},"line":17},"3":{"name":"(anonymous_3)","decl":{"start":{"line":26,"column":2},"end":{"line":26,"column":3}},"loc":{"start":{"line":26,"column":29},"end":{"line":32,"column":3}},"line":26},"4":{"name":"(anonymous_4)","decl":{"start":{"line":34,"column":2},"end":{"line":34,"column":3}},"loc":{"start":{"line":34,"column":18},"end":{"line":42,"column":3}},"line":34},"5":{"name":"(anonymous_5)","decl":{"start":{"line":44,"column":2},"end":{"line":44,"column":3}},"loc":{"start":{"line":44,"column":33},"end":{"line":50,"column":3}},"line":44}},"branchMap":{"0":{"loc":{"start":{"line":46,"column":4},"end":{"line":46,"column":28}},"type":"if","locations":[{"start":{"line":46,"column":4},"end":{"line":46,"column":28}},{"start":{},"end":{}}],"line":46}},"s":{"0":2,"1":0,"2":0,"3":0,"4":0,"5":0,"6":0,"7":0,"8":0,"9":0,"10":0,"11":0,"12":0,"13":0,"14":0,"15":2},"f":{"0":0,"1":0,"2":0,"3":0,"4":0,"5":0},"b":{"0":[0,0]},"_coverageSchema":"1a1c01bbd47fc00a2c39e90264f33305004495a9","hash":"bfeef8bf0140780fe9129370a0f52d5485448b3e"}
,"C:\\Users\\hp\\.gemini\\antigravity\\scratch\\ecommerce-final-project\\backend\\src\\repositories\\productRepository.js": {"path":"C:\\Users\\hp\\.gemini\\antigravity\\scratch\\ecommerce-final-project\\backend\\src\\repositories\\productRepository.js","statementMap":{"0":{"start":{"line":1,"column":30},"end":{"line":1,"column":50}},"1":{"start":{"line":6,"column":4},"end":{"line":6,"column":97}},"2":{"start":{"line":10,"column":4},"end":{"line":10,"column":102}},"3":{"start":{"line":14,"column":4},"end":{"line":14,"column":45}},"4":{"start":{"line":18,"column":20},"end":{"line":18,"column":46}},"5":{"start":{"line":19,"column":4},"end":{"line":19,"column":30}},"6":{"start":{"line":19,"column":18},"end":{"line":19,"column":30}},"7":{"start":{"line":20,"column":4},"end":{"line":20,"column":44}},"8":{"start":{"line":24,"column":20},"end":{"line":24,"column":46}},"9":{"start":{"line":25,"column":4},"end":{"line":25,"column":31}},"10":{"start":{"line":25,"column":18},"end":{"line":25,"column":31}},"11":{"start":{"line":26,"column":4},"end":{"line":26,"column":28}},"12":{"start":{"line":27,"column":4},"end":{"line":27,"column":16}},"13":{"start":{"line":31,"column":0},"end":{"line":31,"column":41}}},"fnMap":{"0":{"name":"(anonymous_0)","decl":{"start":{"line":5,"column":2},"end":{"line":5,"column":3}},"loc":{"start":{"line":5,"column":18},"end":{"line":7,"column":3}},"line":5},"1":{"name":"(anonymous_1)","decl":{"start":{"line":9,"column":2},"end":{"line":9,"column":3}},"loc":{"start":{"line":9,"column":21},"end":{"line":11,"column":3}},"line":9},"2":{"name":"(anonymous_2)","decl":{"start":{"line":13,"column":2},"end":{"line":13,"column":3}},"loc":{"start":{"line":13,"column":28},"end":{"line":15,"column":3}},"line":13},"3":{"name":"(anonymous_3)","decl":{"start":{"line":17,"column":2},"end":{"line":17,"column":3}},"loc":{"start":{"line":17,"column":31},"end":{"line":21,"column":3}},"line":17},"4":{"name":"(anonymous_4)","decl":{"start":{"line":23,"column":2},"end":{"line":23,"column":3}},"loc":{"start":{"line":23,"column":19},"end":{"line":28,"column":3}},"line":23}},"branchMap":{"0":{"loc":{"start":{"line":19,"column":4},"end":{"line":19,"column":30}},"type":"if","locations":[{"start":{"line":19,"column":4},"end":{"line":19,"column":30}},{"start":{},"end":{}}],"line":19},"1":{"loc":{"start":{"line":25,"column":4},"end":{"line":25,"column":31}},"type":"if","locations":[{"start":{"line":25,"column":4},"end":{"line":25,"column":31}},{"start":{},"end":{}}],"line":25}},"s":{"0":2,"1":1,"2":0,"3":0,"4":0,"5":0,"6":0,"7":0,"8":0,"9":0,"10":0,"11":0,"12":0,"13":2},"f":{"0":1,"1":0,"2":0,"3":0,"4":0},"b":{"0":[0,0],"1":[0,0]},"_coverageSchema":"1a1c01bbd47fc00a2c39e90264f33305004495a9","hash":"edb7ee91739bc0e78eda74f70e7115a5f73d828c"}
,"C:\\Users\\hp\\.gemini\\antigravity\\scratch\\ecommerce-final-project\\backend\\src\\repositories\\userRepository.js": {"path":"C:\\Users\\hp\\.gemini\\antigravity\\scratch\\ecommerce-final-project\\backend\\src\\repositories\\userRepository.js","statementMap":{"0":{"start":{"line":1,"column":17},"end":{"line":1,"column":37}},"1":{"start":{"line":6,"column":4},"end":{"line":6,"column":52}},"2":{"start":{"line":10,"column":4},"end":{"line":10,"column":78}},"3":{"start":{"line":14,"column":4},"end":{"line":14,"column":39}},"4":{"start":{"line":18,"column":4},"end":{"line":18,"column":73}},"5":{"start":{"line":22,"column":0},"end":{"line":22,"column":38}}},"fnMap":{"0":{"name":"(anonymous_0)","decl":{"start":{"line":5,"column":2},"end":{"line":5,"column":3}},"loc":{"start":{"line":5,"column":27},"end":{"line":7,"column":3}},"line":5},"1":{"name":"(anonymous_1)","decl":{"start":{"line":9,"column":2},"end":{"line":9,"column":3}},"loc":{"start":{"line":9,"column":21},"end":{"line":11,"column":3}},"line":9},"2":{"name":"(anonymous_2)","decl":{"start":{"line":13,"column":2},"end":{"line":13,"column":3}},"loc":{"start":{"line":13,"column":25},"end":{"line":15,"column":3}},"line":13},"3":{"name":"(anonymous_3)","decl":{"start":{"line":17,"column":2},"end":{"line":17,"column":3}},"loc":{"start":{"line":17,"column":18},"end":{"line":19,"column":3}},"line":17}},"branchMap":{},"s":{"0":2,"1":2,"2":0,"3":1,"4":0,"5":2},"f":{"0":2,"1":0,"2":1,"3":0},"b":{},"_coverageSchema":"1a1c01bbd47fc00a2c39e90264f33305004495a9","hash":"871243752ed4413ada1af3984e6fffcc5a323db1"}
,"C:\\Users\\hp\\.gemini\\antigravity\\scratch\\ecommerce-final-project\\backend\\src\\services\\aiService.js": {"path":"C:\\Users\\hp\\.gemini\\antigravity\\scratch\\ecommerce-final-project\\backend\\src\\services\\aiService.js","statementMap":{"0":{"start":{"line":1,"column":26},"end":{"line":1,"column":70}},"1":{"start":{"line":6,"column":21},"end":{"line":6,"column":54}},"2":{"start":{"line":7,"column":23},"end":{"line":7,"column":46}},"3":{"start":{"line":9,"column":26},"end":{"line":9,"column":28}},"4":{"start":{"line":10,"column":25},"end":{"line":10,"column":27}},"5":{"start":{"line":12,"column":4},"end":{"line":30,"column":5}},"6":{"start":{"line":13,"column":6},"end":{"line":13,"column":98}},"7":{"start":{"line":13,"column":47},"end":{"line":13,"column":96}},"8":{"start":{"line":14,"column":6},"end":{"line":14,"column":125}},"9":{"start":{"line":15,"column":11},"end":{"line":30,"column":5}},"10":{"start":{"line":16,"column":6},"end":{"line":16,"column":106}},"11":{"start":{"line":16,"column":47},"end":{"line":16,"column":104}},"12":{"start":{"line":17,"column":6},"end":{"line":17,"column":112}},"13":{"start":{"line":18,"column":11},"end":{"line":30,"column":5}},"14":{"start":{"line":19,"column":6},"end":{"line":19,"column":102}},"15":{"start":{"line":19,"column":47},"end":{"line":19,"column":100}},"16":{"start":{"line":20,"column":6},"end":{"line":20,"column":117}},"17":{"start":{"line":21,"column":11},"end":{"line":30,"column":5}},"18":{"start":{"line":22,"column":6},"end":{"line":22,"column":105}},"19":{"start":{"line":22,"column":47},"end":{"line":22,"column":103}},"20":{"start":{"line":23,"column":6},"end":{"line":23,"column":103}},"21":{"start":{"line":24,"column":11},"end":{"line":30,"column":5}},"22":{"start":{"line":25,"column":6},"end":{"line":25,"column":98}},"23":{"start":{"line":25,"column":47},"end":{"line":25,"column":62}},"24":{"start":{"line":25,"column":79},"end":{"line":25,"column":96}},"25":{"start":{"line":26,"column":6},"end":{"line":26,"column":85}},"26":{"start":{"line":28,"column":6},"end":{"line":28,"column":45}},"27":{"start":{"line":29,"column":6},"end":{"line":29,"column":121}},"28":{"start":{"line":32,"column":4},"end":{"line":36,"column":6}},"29":{"start":{"line":40,"column":24},"end":{"line":40,"column":57}},"30":{"start":{"line":41,"column":21},"end":{"line":41,"column":73}},"31":{"start":{"line":41,"column":47},"end":{"line":41,"column":72}},"32":{"start":{"line":43,"column":4},"end":{"line":45,"column":5}},"33":{"start":{"line":44,"column":6},"end":{"line":44,"column":70}},"34":{"start":{"line":47,"column":27},"end":{"line":65,"column":6}},"35":{"start":{"line":48,"column":20},"end":{"line":48,"column":81}},"36":{"start":{"line":49,"column":26},"end":{"line":49,"column":76}},"37":{"start":{"line":50,"column":6},"end":{"line":64,"column":8}},"38":{"start":{"line":67,"column":19},"end":{"line":67,"column":101}},"39":{"start":{"line":67,"column":58},"end":{"line":67,"column":99}},"40":{"start":{"line":69,"column":4},"end":{"line":73,"column":6}},"41":{"start":{"line":77,"column":20},"end":{"line":77,"column":63}},"42":{"start":{"line":78,"column":4},"end":{"line":78,"column":55}},"43":{"start":{"line":78,"column":18},"end":{"line":78,"column":55}},"44":{"start":{"line":80,"column":18},"end":{"line":80,"column":39}},"45":{"start":{"line":82,"column":4},"end":{"line":96,"column":6}},"46":{"start":{"line":100,"column":21},"end":{"line":100,"column":54}},"47":{"start":{"line":101,"column":19},"end":{"line":101,"column":21}},"48":{"start":{"line":102,"column":23},"end":{"line":102,"column":24}},"49":{"start":{"line":105,"column":21},"end":{"line":109,"column":6}},"50":{"start":{"line":106,"column":6},"end":{"line":106,"column":151}},"51":{"start":{"line":106,"column":30},"end":{"line":106,"column":151}},"52":{"start":{"line":107,"column":6},"end":{"line":107,"column":152}},"53":{"start":{"line":107,"column":30},"end":{"line":107,"column":152}},"54":{"start":{"line":108,"column":6},"end":{"line":108,"column":18}},"55":{"start":{"line":111,"column":4},"end":{"line":116,"column":5}},"56":{"start":{"line":112,"column":6},"end":{"line":115,"column":7}},"57":{"start":{"line":113,"column":8},"end":{"line":113,"column":28}},"58":{"start":{"line":114,"column":8},"end":{"line":114,"column":35}},"59":{"start":{"line":118,"column":4},"end":{"line":125,"column":6}},"60":{"start":{"line":129,"column":0},"end":{"line":129,"column":33}}},"fnMap":{"0":{"name":"(anonymous_0)","decl":{"start":{"line":5,"column":2},"end":{"line":5,"column":3}},"loc":{"start":{"line":5,"column":33},"end":{"line":37,"column":3}},"line":5},"1":{"name":"(anonymous_1)","decl":{"start":{"line":13,"column":40},"end":{"line":13,"column":41}},"loc":{"start":{"line":13,"column":47},"end":{"line":13,"column":96}},"line":13},"2":{"name":"(anonymous_2)","decl":{"start":{"line":16,"column":40},"end":{"line":16,"column":41}},"loc":{"start":{"line":16,"column":47},"end":{"line":16,"column":104}},"line":16},"3":{"name":"(anonymous_3)","decl":{"start":{"line":19,"column":40},"end":{"line":19,"column":41}},"loc":{"start":{"line":19,"column":47},"end":{"line":19,"column":100}},"line":19},"4":{"name":"(anonymous_4)","decl":{"start":{"line":22,"column":40},"end":{"line":22,"column":41}},"loc":{"start":{"line":22,"column":47},"end":{"line":22,"column":103}},"line":22},"5":{"name":"(anonymous_5)","decl":{"start":{"line":25,"column":40},"end":{"line":25,"column":41}},"loc":{"start":{"line":25,"column":47},"end":{"line":25,"column":62}},"line":25},"6":{"name":"(anonymous_6)","decl":{"start":{"line":25,"column":69},"end":{"line":25,"column":70}},"loc":{"start":{"line":25,"column":79},"end":{"line":25,"column":96}},"line":25},"7":{"name":"(anonymous_7)","decl":{"start":{"line":39,"column":2},"end":{"line":39,"column":3}},"loc":{"start":{"line":39,"column":36},"end":{"line":74,"column":3}},"line":39},"8":{"name":"(anonymous_8)","decl":{"start":{"line":41,"column":40},"end":{"line":41,"column":41}},"loc":{"start":{"line":41,"column":47},"end":{"line":41,"column":72}},"line":41},"9":{"name":"(anonymous_9)","decl":{"start":{"line":47,"column":40},"end":{"line":47,"column":41}},"loc":{"start":{"line":47,"column":50},"end":{"line":65,"column":5}},"line":47},"10":{"name":"(anonymous_10)","decl":{"start":{"line":67,"column":41},"end":{"line":67,"column":42}},"loc":{"start":{"line":67,"column":58},"end":{"line":67,"column":99}},"line":67},"11":{"name":"(anonymous_11)","decl":{"start":{"line":76,"column":2},"end":{"line":76,"column":3}},"loc":{"start":{"line":76,"column":36},"end":{"line":97,"column":3}},"line":76},"12":{"name":"(anonymous_12)","decl":{"start":{"line":99,"column":2},"end":{"line":99,"column":3}},"loc":{"start":{"line":99,"column":38},"end":{"line":126,"column":3}},"line":99},"13":{"name":"(anonymous_13)","decl":{"start":{"line":105,"column":37},"end":{"line":105,"column":38}},"loc":{"start":{"line":105,"column":44},"end":{"line":109,"column":5}},"line":105}},"branchMap":{"0":{"loc":{"start":{"line":12,"column":4},"end":{"line":30,"column":5}},"type":"if","locations":[{"start":{"line":12,"column":4},"end":{"line":30,"column":5}},{"start":{"line":15,"column":11},"end":{"line":30,"column":5}}],"line":12},"1":{"loc":{"start":{"line":12,"column":8},"end":{"line":12,"column":135}},"type":"binary-expr","locations":[{"start":{"line":12,"column":8},"end":{"line":12,"column":37}},{"start":{"line":12,"column":41},"end":{"line":12,"column":66}},{"start":{"line":12,"column":70},"end":{"line":12,"column":100}},{"start":{"line":12,"column":104},"end":{"line":12,"column":135}}],"line":12},"2":{"loc":{"start":{"line":13,"column":47},"end":{"line":13,"column":96}},"type":"binary-expr","locations":[{"start":{"line":13,"column":47},"end":{"line":13,"column":57}},{"start":{"line":13,"column":61},"end":{"line":13,"column":96}}],"line":13},"3":{"loc":{"start":{"line":15,"column":11},"end":{"line":30,"column":5}},"type":"if","locations":[{"start":{"line":15,"column":11},"end":{"line":30,"column":5}},{"start":{"line":18,"column":11},"end":{"line":30,"column":5}}],"line":15},"4":{"loc":{"start":{"line":15,"column":15},"end":{"line":15,"column":175}},"type":"binary-expr","locations":[{"start":{"line":15,"column":15},"end":{"line":15,"column":43}},{"start":{"line":15,"column":47},"end":{"line":15,"column":76}},{"start":{"line":15,"column":80},"end":{"line":15,"column":109}},{"start":{"line":15,"column":113},"end":{"line":15,"column":142}},{"start":{"line":15,"column":146},"end":{"line":15,"column":175}}],"line":15},"5":{"loc":{"start":{"line":16,"column":47},"end":{"line":16,"column":104}},"type":"binary-expr","locations":[{"start":{"line":16,"column":47},"end":{"line":16,"column":57}},{"start":{"line":16,"column":61},"end":{"line":16,"column":104}}],"line":16},"6":{"loc":{"start":{"line":18,"column":11},"end":{"line":30,"column":5}},"type":"if","locations":[{"start":{"line":18,"column":11},"end":{"line":30,"column":5}},{"start":{"line":21,"column":11},"end":{"line":30,"column":5}}],"line":18},"7":{"loc":{"start":{"line":18,"column":15},"end":{"line":18,"column":178}},"type":"binary-expr","locations":[{"start":{"line":18,"column":15},"end":{"line":18,"column":47}},{"start":{"line":18,"column":51},"end":{"line":18,"column":80}},{"start":{"line":18,"column":84},"end":{"line":18,"column":112}},{"start":{"line":18,"column":116},"end":{"line":18,"column":146}},{"start":{"line":18,"column":150},"end":{"line":18,"column":178}}],"line":18},"8":{"loc":{"start":{"line":19,"column":47},"end":{"line":19,"column":100}},"type":"binary-expr","locations":[{"start":{"line":19,"column":47},"end":{"line":19,"column":57}},{"start":{"line":19,"column":61},"end":{"line":19,"column":100}}],"line":19},"9":{"loc":{"start":{"line":21,"column":11},"end":{"line":30,"column":5}},"type":"if","locations":[{"start":{"line":21,"column":11},"end":{"line":30,"column":5}},{"start":{"line":24,"column":11},"end":{"line":30,"column":5}}],"line":21},"10":{"loc":{"start":{"line":21,"column":15},"end":{"line":21,"column":177}},"type":"binary-expr","locations":[{"start":{"line":21,"column":15},"end":{"line":21,"column":42}},{"start":{"line":21,"column":46},"end":{"line":21,"column":77}},{"start":{"line":21,"column":81},"end":{"line":21,"column":109}},{"start":{"line":21,"column":113},"end":{"line":21,"column":143}},{"start":{"line":21,"column":147},"end":{"line":21,"column":177}}],"line":21},"11":{"loc":{"start":{"line":22,"column":47},"end":{"line":22,"column":103}},"type":"binary-expr","locations":[{"start":{"line":22,"column":47},"end":{"line":22,"column":57}},{"start":{"line":22,"column":61},"end":{"line":22,"column":103}}],"line":22},"12":{"loc":{"start":{"line":24,"column":11},"end":{"line":30,"column":5}},"type":"if","locations":[{"start":{"line":24,"column":11},"end":{"line":30,"column":5}},{"start":{"line":27,"column":11},"end":{"line":30,"column":5}}],"line":24},"13":{"loc":{"start":{"line":24,"column":15},"end":{"line":24,"column":108}},"type":"binary-expr","locations":[{"start":{"line":24,"column":15},"end":{"line":24,"column":43}},{"start":{"line":24,"column":47},"end":{"line":24,"column":75}},{"start":{"line":24,"column":79},"end":{"line":24,"column":108}}],"line":24},"14":{"loc":{"start":{"line":43,"column":4},"end":{"line":45,"column":5}},"type":"if","locations":[{"start":{"line":43,"column":4},"end":{"line":45,"column":5}},{"start":{},"end":{}}],"line":43},"15":{"loc":{"start":{"line":49,"column":26},"end":{"line":49,"column":76}},"type":"cond-expr","locations":[{"start":{"line":49,"column":47},"end":{"line":49,"column":59}},{"start":{"line":49,"column":62},"end":{"line":49,"column":76}}],"line":49},"16":{"loc":{"start":{"line":54,"column":18},"end":{"line":54,"column":61}},"type":"cond-expr","locations":[{"start":{"line":54,"column":34},"end":{"line":54,"column":52}},{"start":{"line":54,"column":55},"end":{"line":54,"column":61}}],"line":54},"17":{"loc":{"start":{"line":59,"column":17},"end":{"line":63,"column":39}},"type":"cond-expr","locations":[{"start":{"line":60,"column":12},"end":{"line":60,"column":38}},{"start":{"line":61,"column":12},"end":{"line":63,"column":39}}],"line":59},"18":{"loc":{"start":{"line":59,"column":17},"end":{"line":59,"column":84}},"type":"binary-expr","locations":[{"start":{"line":59,"column":17},"end":{"line":59,"column":52}},{"start":{"line":59,"column":56},"end":{"line":59,"column":84}}],"line":59},"19":{"loc":{"start":{"line":61,"column":12},"end":{"line":63,"column":39}},"type":"cond-expr","locations":[{"start":{"line":62,"column":12},"end":{"line":62,"column":40}},{"start":{"line":63,"column":12},"end":{"line":63,"column":39}}],"line":61},"20":{"loc":{"start":{"line":61,"column":12},"end":{"line":61,"column":89}},"type":"binary-expr","locations":[{"start":{"line":61,"column":12},"end":{"line":61,"column":48}},{"start":{"line":61,"column":52},"end":{"line":61,"column":89}}],"line":61},"21":{"loc":{"start":{"line":67,"column":58},"end":{"line":67,"column":99}},"type":"cond-expr","locations":[{"start":{"line":67,"column":88},"end":{"line":67,"column":92}},{"start":{"line":67,"column":95},"end":{"line":67,"column":99}}],"line":67},"22":{"loc":{"start":{"line":78,"column":4},"end":{"line":78,"column":55}},"type":"if","locations":[{"start":{"line":78,"column":4},"end":{"line":78,"column":55}},{"start":{},"end":{}}],"line":78},"23":{"loc":{"start":{"line":106,"column":6},"end":{"line":106,"column":151}},"type":"if","locations":[{"start":{"line":106,"column":6},"end":{"line":106,"column":151}},{"start":{},"end":{}}],"line":106},"24":{"loc":{"start":{"line":106,"column":37},"end":{"line":106,"column":150}},"type":"binary-expr","locations":[{"start":{"line":106,"column":37},"end":{"line":106,"column":62}},{"start":{"line":106,"column":66},"end":{"line":106,"column":88}},{"start":{"line":106,"column":92},"end":{"line":106,"column":117}},{"start":{"line":106,"column":121},"end":{"line":106,"column":150}}],"line":106},"25":{"loc":{"start":{"line":107,"column":6},"end":{"line":107,"column":152}},"type":"if","locations":[{"start":{"line":107,"column":6},"end":{"line":107,"column":152}},{"start":{},"end":{}}],"line":107},"26":{"loc":{"start":{"line":107,"column":37},"end":{"line":107,"column":151}},"type":"binary-expr","locations":[{"start":{"line":107,"column":37},"end":{"line":107,"column":60}},{"start":{"line":107,"column":64},"end":{"line":107,"column":90}},{"start":{"line":107,"column":94},"end":{"line":107,"column":121}},{"start":{"line":107,"column":125},"end":{"line":107,"column":151}}],"line":107},"27":{"loc":{"start":{"line":112,"column":6},"end":{"line":115,"column":7}},"type":"if","locations":[{"start":{"line":112,"column":6},"end":{"line":115,"column":7}},{"start":{},"end":{}}],"line":112}},"s":{"0":2,"1":0,"2":0,"3":0,"4":0,"5":0,"6":0,"7":0,"8":0,"9":0,"10":0,"11":0,"12":0,"13":0,"14":0,"15":0,"16":0,"17":0,"18":0,"19":0,"20":0,"21":0,"22":0,"23":0,"24":0,"25":0,"26":0,"27":0,"28":0,"29":0,"30":0,"31":0,"32":0,"33":0,"34":0,"35":0,"36":0,"37":0,"38":0,"39":0,"40":0,"41":0,"42":0,"43":0,"44":0,"45":0,"46":0,"47":0,"48":0,"49":0,"50":0,"51":0,"52":0,"53":0,"54":0,"55":0,"56":0,"57":0,"58":0,"59":0,"60":2},"f":{"0":0,"1":0,"2":0,"3":0,"4":0,"5":0,"6":0,"7":0,"8":0,"9":0,"10":0,"11":0,"12":0,"13":0},"b":{"0":[0,0],"1":[0,0,0,0],"2":[0,0],"3":[0,0],"4":[0,0,0,0,0],"5":[0,0],"6":[0,0],"7":[0,0,0,0,0],"8":[0,0],"9":[0,0],"10":[0,0,0,0,0],"11":[0,0],"12":[0,0],"13":[0,0,0],"14":[0,0],"15":[0,0],"16":[0,0],"17":[0,0],"18":[0,0],"19":[0,0],"20":[0,0],"21":[0,0],"22":[0,0],"23":[0,0],"24":[0,0,0,0],"25":[0,0],"26":[0,0,0,0],"27":[0,0]},"_coverageSchema":"1a1c01bbd47fc00a2c39e90264f33305004495a9","hash":"025fac896eb0689d2c03743e8baff2009c9bee63"}
,"C:\\Users\\hp\\.gemini\\antigravity\\scratch\\ecommerce-final-project\\backend\\src\\services\\authService.js": {"path":"C:\\Users\\hp\\.gemini\\antigravity\\scratch\\ecommerce-final-project\\backend\\src\\services\\authService.js","statementMap":{"0":{"start":{"line":1,"column":15},"end":{"line":1,"column":34}},"1":{"start":{"line":2,"column":12},"end":{"line":2,"column":35}},"2":{"start":{"line":3,"column":23},"end":{"line":3,"column":64}},"3":{"start":{"line":5,"column":19},"end":{"line":5,"column":75}},"4":{"start":{"line":9,"column":25},"end":{"line":9,"column":64}},"5":{"start":{"line":10,"column":4},"end":{"line":12,"column":5}},"6":{"start":{"line":11,"column":6},"end":{"line":11,"column":53}},"7":{"start":{"line":14,"column":27},"end":{"line":14,"column":58}},"8":{"start":{"line":15,"column":17},"end":{"line":20,"column":6}},"9":{"start":{"line":22,"column":18},"end":{"line":22,"column":42}},"10":{"start":{"line":23,"column":4},"end":{"line":26,"column":6}},"11":{"start":{"line":30,"column":17},"end":{"line":30,"column":56}},"12":{"start":{"line":31,"column":4},"end":{"line":33,"column":5}},"13":{"start":{"line":32,"column":6},"end":{"line":32,"column":51}},"14":{"start":{"line":35,"column":20},"end":{"line":35,"column":65}},"15":{"start":{"line":36,"column":4},"end":{"line":38,"column":5}},"16":{"start":{"line":37,"column":6},"end":{"line":37,"column":51}},"17":{"start":{"line":40,"column":18},"end":{"line":40,"column":42}},"18":{"start":{"line":41,"column":4},"end":{"line":44,"column":6}},"19":{"start":{"line":48,"column":4},"end":{"line":52,"column":6}},"20":{"start":{"line":56,"column":0},"end":{"line":56,"column":35}}},"fnMap":{"0":{"name":"(anonymous_0)","decl":{"start":{"line":8,"column":2},"end":{"line":8,"column":3}},"loc":{"start":{"line":8,"column":59},"end":{"line":27,"column":3}},"line":8},"1":{"name":"(anonymous_1)","decl":{"start":{"line":29,"column":2},"end":{"line":29,"column":3}},"loc":{"start":{"line":29,"column":31},"end":{"line":45,"column":3}},"line":29},"2":{"name":"(anonymous_2)","decl":{"start":{"line":47,"column":2},"end":{"line":47,"column":3}},"loc":{"start":{"line":47,"column":22},"end":{"line":53,"column":3}},"line":47}},"branchMap":{"0":{"loc":{"start":{"line":5,"column":19},"end":{"line":5,"column":75}},"type":"binary-expr","locations":[{"start":{"line":5,"column":19},"end":{"line":5,"column":41}},{"start":{"line":5,"column":45},"end":{"line":5,"column":75}}],"line":5},"1":{"loc":{"start":{"line":8,"column":40},"end":{"line":8,"column":57}},"type":"default-arg","locations":[{"start":{"line":8,"column":47},"end":{"line":8,"column":57}}],"line":8},"2":{"loc":{"start":{"line":10,"column":4},"end":{"line":12,"column":5}},"type":"if","locations":[{"start":{"line":10,"column":4},"end":{"line":12,"column":5}},{"start":{},"end":{}}],"line":10},"3":{"loc":{"start":{"line":31,"column":4},"end":{"line":33,"column":5}},"type":"if","locations":[{"start":{"line":31,"column":4},"end":{"line":33,"column":5}},{"start":{},"end":{}}],"line":31},"4":{"loc":{"start":{"line":36,"column":4},"end":{"line":38,"column":5}},"type":"if","locations":[{"start":{"line":36,"column":4},"end":{"line":38,"column":5}},{"start":{},"end":{}}],"line":36}},"s":{"0":2,"1":2,"2":2,"3":2,"4":1,"5":1,"6":0,"7":1,"8":1,"9":1,"10":1,"11":1,"12":1,"13":0,"14":1,"15":1,"16":0,"17":1,"18":1,"19":2,"20":2},"f":{"0":1,"1":1,"2":2},"b":{"0":[2,2],"1":[1],"2":[0,1],"3":[0,1],"4":[0,1]},"_coverageSchema":"1a1c01bbd47fc00a2c39e90264f33305004495a9","hash":"6320b3c3907904378361e0504d123b1c3398624a"}
,"C:\\Users\\hp\\.gemini\\antigravity\\scratch\\ecommerce-final-project\\backend\\src\\services\\chatService.js": {"path":"C:\\Users\\hp\\.gemini\\antigravity\\scratch\\ecommerce-final-project\\backend\\src\\services\\chatService.js","statementMap":{"0":{"start":{"line":1,"column":24},"end":{"line":1,"column":44}},"1":{"start":{"line":5,"column":4},"end":{"line":10,"column":7}},"2":{"start":{"line":14,"column":4},"end":{"line":17,"column":7}},"3":{"start":{"line":21,"column":0},"end":{"line":21,"column":35}}},"fnMap":{"0":{"name":"(anonymous_0)","decl":{"start":{"line":4,"column":2},"end":{"line":4,"column":3}},"loc":{"start":{"line":4,"column":50},"end":{"line":11,"column":3}},"line":4},"1":{"name":"(anonymous_1)","decl":{"start":{"line":13,"column":2},"end":{"line":13,"column":3}},"loc":{"start":{"line":13,"column":38},"end":{"line":18,"column":3}},"line":13}},"branchMap":{"0":{"loc":{"start":{"line":13,"column":26},"end":{"line":13,"column":36}},"type":"default-arg","locations":[{"start":{"line":13,"column":34},"end":{"line":13,"column":36}}],"line":13}},"s":{"0":2,"1":0,"2":0,"3":2},"f":{"0":0,"1":0},"b":{"0":[0]},"_coverageSchema":"1a1c01bbd47fc00a2c39e90264f33305004495a9","hash":"40ffd7fad0f0d55581a89319a478ee175e59c629"}
,"C:\\Users\\hp\\.gemini\\antigravity\\scratch\\ecommerce-final-project\\backend\\src\\services\\notificationService.js": {"path":"C:\\Users\\hp\\.gemini\\antigravity\\scratch\\ecommerce-final-project\\backend\\src\\services\\notificationService.js","statementMap":{"0":{"start":{"line":5,"column":4},"end":{"line":5,"column":24}},"1":{"start":{"line":10,"column":4},"end":{"line":10,"column":34}},"2":{"start":{"line":15,"column":4},"end":{"line":15,"column":70}},"3":{"start":{"line":15,"column":52},"end":{"line":15,"column":68}},"4":{"start":{"line":20,"column":4},"end":{"line":24,"column":7}},"5":{"start":{"line":21,"column":6},"end":{"line":23,"column":7}},"6":{"start":{"line":22,"column":8},"end":{"line":22,"column":40}},"7":{"start":{"line":29,"column":0},"end":{"line":29,"column":43}}},"fnMap":{"0":{"name":"(anonymous_0)","decl":{"start":{"line":4,"column":2},"end":{"line":4,"column":3}},"loc":{"start":{"line":4,"column":16},"end":{"line":6,"column":3}},"line":4},"1":{"name":"(anonymous_1)","decl":{"start":{"line":9,"column":2},"end":{"line":9,"column":3}},"loc":{"start":{"line":9,"column":22},"end":{"line":11,"column":3}},"line":9},"2":{"name":"(anonymous_2)","decl":{"start":{"line":14,"column":2},"end":{"line":14,"column":3}},"loc":{"start":{"line":14,"column":24},"end":{"line":16,"column":3}},"line":14},"3":{"name":"(anonymous_3)","decl":{"start":{"line":15,"column":43},"end":{"line":15,"column":44}},"loc":{"start":{"line":15,"column":52},"end":{"line":15,"column":68}},"line":15},"4":{"name":"(anonymous_4)","decl":{"start":{"line":19,"column":2},"end":{"line":19,"column":3}},"loc":{"start":{"line":19,"column":25},"end":{"line":25,"column":3}},"line":19},"5":{"name":"(anonymous_5)","decl":{"start":{"line":20,"column":27},"end":{"line":20,"column":28}},"loc":{"start":{"line":20,"column":41},"end":{"line":24,"column":5}},"line":20}},"branchMap":{"0":{"loc":{"start":{"line":21,"column":6},"end":{"line":23,"column":7}},"type":"if","locations":[{"start":{"line":21,"column":6},"end":{"line":23,"column":7}},{"start":{},"end":{}}],"line":21}},"s":{"0":2,"1":2,"2":0,"3":0,"4":0,"5":0,"6":0,"7":2},"f":{"0":2,"1":2,"2":0,"3":0,"4":0,"5":0},"b":{"0":[0,0]},"_coverageSchema":"1a1c01bbd47fc00a2c39e90264f33305004495a9","hash":"b772d44b5213878a66decbf3ebf1e8fa15445a1d"}
,"C:\\Users\\hp\\.gemini\\antigravity\\scratch\\ecommerce-final-project\\backend\\src\\services\\paymentService.js": {"path":"C:\\Users\\hp\\.gemini\\antigravity\\scratch\\ecommerce-final-project\\backend\\src\\services\\paymentService.js","statementMap":{"0":{"start":{"line":5,"column":4},"end":{"line":5,"column":75}},"1":{"start":{"line":6,"column":4},"end":{"line":6,"column":87}},"2":{"start":{"line":12,"column":4},"end":{"line":12,"column":70}},"3":{"start":{"line":13,"column":4},"end":{"line":13,"column":82}},"4":{"start":{"line":19,"column":4},"end":{"line":19,"column":73}},"5":{"start":{"line":20,"column":4},"end":{"line":20,"column":80}},"6":{"start":{"line":27,"column":4},"end":{"line":31,"column":6}},"7":{"start":{"line":35,"column":21},"end":{"line":35,"column":78}},"8":{"start":{"line":36,"column":4},"end":{"line":36,"column":58}},"9":{"start":{"line":40,"column":0},"end":{"line":40,"column":38}}},"fnMap":{"0":{"name":"(anonymous_0)","decl":{"start":{"line":4,"column":2},"end":{"line":4,"column":3}},"loc":{"start":{"line":4,"column":40},"end":{"line":7,"column":3}},"line":4},"1":{"name":"(anonymous_1)","decl":{"start":{"line":11,"column":2},"end":{"line":11,"column":3}},"loc":{"start":{"line":11,"column":40},"end":{"line":14,"column":3}},"line":11},"2":{"name":"(anonymous_2)","decl":{"start":{"line":18,"column":2},"end":{"line":18,"column":3}},"loc":{"start":{"line":18,"column":40},"end":{"line":21,"column":3}},"line":18},"3":{"name":"(anonymous_3)","decl":{"start":{"line":26,"column":2},"end":{"line":26,"column":3}},"loc":{"start":{"line":26,"column":16},"end":{"line":32,"column":3}},"line":26},"4":{"name":"(anonymous_4)","decl":{"start":{"line":34,"column":2},"end":{"line":34,"column":3}},"loc":{"start":{"line":34,"column":69},"end":{"line":37,"column":3}},"line":34}},"branchMap":{"0":{"loc":{"start":{"line":34,"column":23},"end":{"line":34,"column":45}},"type":"default-arg","locations":[{"start":{"line":34,"column":32},"end":{"line":34,"column":45}}],"line":34},"1":{"loc":{"start":{"line":34,"column":55},"end":{"line":34,"column":67}},"type":"default-arg","locations":[{"start":{"line":34,"column":65},"end":{"line":34,"column":67}}],"line":34},"2":{"loc":{"start":{"line":35,"column":21},"end":{"line":35,"column":78}},"type":"binary-expr","locations":[{"start":{"line":35,"column":21},"end":{"line":35,"column":44}},{"start":{"line":35,"column":48},"end":{"line":35,"column":78}}],"line":35}},"s":{"0":0,"1":0,"2":0,"3":0,"4":0,"5":0,"6":2,"7":0,"8":0,"9":2},"f":{"0":0,"1":0,"2":0,"3":2,"4":0},"b":{"0":[0],"1":[0],"2":[0,0]},"_coverageSchema":"1a1c01bbd47fc00a2c39e90264f33305004495a9","hash":"c21dace5e490ae8791a2d7a2fcf25022691f17a8"}
,"C:\\Users\\hp\\.gemini\\antigravity\\scratch\\ecommerce-final-project\\backend\\src\\websocket\\socketServer.js": {"path":"C:\\Users\\hp\\.gemini\\antigravity\\scratch\\ecommerce-final-project\\backend\\src\\websocket\\socketServer.js","statementMap":{"0":{"start":{"line":1,"column":19},"end":{"line":1,"column":39}},"1":{"start":{"line":2,"column":28},"end":{"line":2,"column":70}},"2":{"start":{"line":3,"column":20},"end":{"line":3,"column":54}},"3":{"start":{"line":6,"column":13},"end":{"line":11,"column":4}},"4":{"start":{"line":14,"column":25},"end":{"line":19,"column":3}},"5":{"start":{"line":16,"column":6},"end":{"line":16,"column":68}},"6":{"start":{"line":17,"column":6},"end":{"line":17,"column":73}},"7":{"start":{"line":21,"column":2},"end":{"line":21,"column":48}},"8":{"start":{"line":23,"column":2},"end":{"line":44,"column":5}},"9":{"start":{"line":24,"column":4},"end":{"line":24,"column":62}},"10":{"start":{"line":27,"column":4},"end":{"line":39,"column":7}},"11":{"start":{"line":28,"column":6},"end":{"line":38,"column":7}},"12":{"start":{"line":29,"column":24},"end":{"line":33,"column":9}},"13":{"start":{"line":35,"column":8},"end":{"line":35,"column":44}},"14":{"start":{"line":37,"column":8},"end":{"line":37,"column":74}},"15":{"start":{"line":41,"column":4},"end":{"line":43,"column":7}},"16":{"start":{"line":42,"column":6},"end":{"line":42,"column":67}},"17":{"start":{"line":46,"column":2},"end":{"line":46,"column":12}},"18":{"start":{"line":49,"column":0},"end":{"line":49,"column":32}}},"fnMap":{"0":{"name":"setupWebSocket","decl":{"start":{"line":5,"column":9},"end":{"line":5,"column":23}},"loc":{"start":{"line":5,"column":32},"end":{"line":47,"column":1}},"line":5},"1":{"name":"(anonymous_1)","decl":{"start":{"line":15,"column":12},"end":{"line":15,"column":13}},"loc":{"start":{"line":15,"column":32},"end":{"line":18,"column":5}},"line":15},"2":{"name":"(anonymous_2)","decl":{"start":{"line":23,"column":22},"end":{"line":23,"column":23}},"loc":{"start":{"line":23,"column":34},"end":{"line":44,"column":3}},"line":23},"3":{"name":"(anonymous_3)","decl":{"start":{"line":27,"column":30},"end":{"line":27,"column":31}},"loc":{"start":{"line":27,"column":46},"end":{"line":39,"column":5}},"line":27},"4":{"name":"(anonymous_4)","decl":{"start":{"line":41,"column":28},"end":{"line":41,"column":29}},"loc":{"start":{"line":41,"column":34},"end":{"line":43,"column":5}},"line":41}},"branchMap":{"0":{"loc":{"start":{"line":30,"column":10},"end":{"line":30,"column":39}},"type":"binary-expr","locations":[{"start":{"line":30,"column":10},"end":{"line":30,"column":25}},{"start":{"line":30,"column":29},"end":{"line":30,"column":39}}],"line":30},"1":{"loc":{"start":{"line":31,"column":10},"end":{"line":31,"column":39}},"type":"binary-expr","locations":[{"start":{"line":31,"column":10},"end":{"line":31,"column":25}},{"start":{"line":31,"column":29},"end":{"line":31,"column":39}}],"line":31}},"s":{"0":2,"1":2,"2":2,"3":2,"4":2,"5":0,"6":0,"7":2,"8":2,"9":0,"10":0,"11":0,"12":0,"13":0,"14":0,"15":0,"16":0,"17":2,"18":2},"f":{"0":2,"1":0,"2":0,"3":0,"4":0},"b":{"0":[0,0],"1":[0,0]},"_coverageSchema":"1a1c01bbd47fc00a2c39e90264f33305004495a9","hash":"1dab456fca0857ccc0687d422b2c5c34dfa3d539"}
}
